\BOOKMARK [0][-]{chapter*.1}{\376\377\000L\000i\000s\000t\000e\000\040\000d\000e\000s\000\040\000f\000i\000g\000u\000r\000e\000s}{}% 1
\BOOKMARK [0][-]{chapter*.2}{\376\377\000L\000i\000s\000t\000e\000\040\000d\000e\000s\000\040\000t\000a\000b\000l\000e\000a\000u\000x}{}% 2
\BOOKMARK [0][-]{chapter.1}{\376\377\000C\000a\000d\000r\000e\000\040\000d\000u\000\040\000p\000r\000o\000j\000e\000t\000\040\000e\000t\000\040\000\351\000t\000u\000d\000e\000\040\000d\000e\000\040\000l\000'\000e\000x\000i\000s\000t\000a\000n\000t}{}% 3
\BOOKMARK [1][-]{section.1.1}{\376\377\000I\000n\000t\000r\000o\000d\000u\000c\000t\000i\000o\000n}{chapter.1}% 4
\BOOKMARK [1][-]{section.1.2}{\376\377\000P\000r\000\351\000s\000e\000n\000t\000a\000t\000i\000o\000n\000\040\000d\000e\000\040\000l\000'\000e\000n\000t\000r\000e\000p\000r\000i\000s\000e\000\040\000d\000'\000a\000c\000c\000u\000e\000i\000l\000\040\000:\000\040\000B\000a\000c\000o\000v\000e\000t}{chapter.1}% 5
\BOOKMARK [2][-]{subsection.1.2.1}{\376\377\000H\000i\000s\000t\000o\000r\000i\000q\000u\000e\000\040\000e\000t\000\040\000i\000d\000e\000n\000t\000i\000t\000\351}{section.1.2}% 6
\BOOKMARK [2][-]{subsection.1.2.2}{\376\377\000P\000a\000r\000t\000e\000n\000a\000r\000i\000a\000t\000s\000\040\000s\000t\000r\000a\000t\000\351\000g\000i\000q\000u\000e\000s\000\040\000e\000t\000\040\000p\000r\000\351\000s\000e\000n\000c\000e\000\040\000m\000o\000n\000d\000i\000a\000l\000e}{section.1.2}% 7
\BOOKMARK [2][-]{subsection.1.2.3}{\376\377\000C\000e\000r\000t\000i\000f\000i\000c\000a\000t\000i\000o\000n\000s\000\040\000d\000e\000\040\000B\000a\000c\000o\000v\000e\000t}{section.1.2}% 8
\BOOKMARK [1][-]{section.1.3}{\376\377\000O\000r\000g\000a\000n\000i\000s\000a\000t\000i\000o\000n\000\040\000e\000t\000\040\000o\000r\000g\000a\000n\000i\000g\000r\000a\000m\000m\000e}{chapter.1}% 9
\BOOKMARK [1][-]{section.1.4}{\376\377\000P\000r\000o\000c\000e\000s\000s\000u\000s\000\040\000g\000l\000o\000b\000a\000l\000\040\000c\000h\000e\000z\000\040\000B\000A\000C\000O\000V\000E\000T}{chapter.1}% 10
\BOOKMARK [2][-]{subsection.1.4.1}{\376\377\000P\000r\000o\000c\000e\000s\000s\000u\000s\000\040\000d\000\351\000t\000a\000i\000l\000l\000\351\000\040\000d\000e\000\040\000l\000'\000a\000t\000e\000l\000i\000e\000r\000\040\000d\000e\000\040\000c\000o\000u\000p\000e}{section.1.4}% 11
\BOOKMARK [2][-]{subsection.1.4.2}{\376\377\000P\000e\000r\000s\000o\000n\000n\000e\000l\000\040\000d\000e\000\040\000l\000'\000a\000t\000e\000l\000i\000e\000r\000\040\000d\000e\000\040\000c\000o\000u\000p\000e}{section.1.4}% 12
\BOOKMARK [2][-]{subsection.1.4.3}{\376\377\000M\000a\000t\000\351\000r\000i\000e\000l\000s\000\040\000e\000t\000\040\000p\000a\000r\000a\000m\000\350\000t\000r\000e\000s\000\040\000t\000e\000c\000h\000n\000i\000q\000u\000e\000s}{section.1.4}% 13
\BOOKMARK [1][-]{section.1.5}{\376\377\000C\000a\000d\000r\000e\000\040\000d\000u\000\040\000p\000r\000o\000j\000e\000t}{chapter.1}% 14
\BOOKMARK [2][-]{subsection.1.5.1}{\376\377\000V\000i\000s\000u\000a\000l\000i\000s\000a\000t\000i\000o\000n\000\040\000d\000e\000\040\000l\000a\000\040\000s\000i\000t\000u\000a\000t\000i\000o\000n\000\040\000a\000c\000t\000u\000e\000l\000l\000e\000\040\000d\000e\000\040\000l\000'\000a\000t\000e\000l\000i\000e\000r\000\040\000d\000e\000\040\000c\000o\000u\000p\000e}{section.1.5}% 15
\BOOKMARK [2][-]{subsection.1.5.2}{\376\377\000D\000\351\000f\000i\000n\000i\000t\000i\000o\000n\000\040\000d\000u\000\040\000p\000r\000o\000j\000e\000t\000\040\000\050\000M\000\351\000t\000h\000o\000d\000e\000\040\000S\000I\000P\000O\000C\000\051}{section.1.5}% 16
\BOOKMARK [2][-]{subsection.1.5.3}{\376\377\000O\000b\000j\000e\000c\000t\000i\000f\000s\000\040\000d\000u\000\040\000p\000r\000o\000j\000e\000t}{section.1.5}% 17
\BOOKMARK [2][-]{subsection.1.5.4}{\376\377\000P\000\351\000r\000i\000m\000\350\000t\000r\000e\000\040\000d\000u\000\040\000p\000r\000o\000j\000e\000t\000\040\000\050\000M\000\351\000t\000h\000o\000d\000e\000\040\000Q\000Q\000O\000Q\000C\000C\000P\000\051}{section.1.5}% 18
\BOOKMARK [2][-]{subsection.1.5.5}{\376\377\000L\000i\000m\000i\000t\000e\000s\000\040\000e\000t\000\040\000c\000o\000n\000t\000r\000a\000i\000n\000t\000e\000s}{section.1.5}% 19
\BOOKMARK [1][-]{section.1.6}{\376\377\000C\000o\000n\000c\000l\000u\000s\000i\000o\000n\000\040\000d\000u\000\040\000c\000h\000a\000p\000i\000t\000r\000e}{chapter.1}% 20
\BOOKMARK [0][-]{chapter.2}{\376\377\000M\000e\000n\000e\000r\000\040\000u\000n\000e\000\040\000a\000c\000t\000i\000o\000n\000\040\000d\000'\000a\000m\000\351\000l\000i\000o\000r\000a\000t\000i\000o\000n\000\040\000d\000'\000u\000n\000\040\000a\000t\000e\000l\000i\000e\000r\000\040\000d\000e\000\040\000t\000r\000a\000v\000a\000i\000l\000\040\000a\000v\000e\000c\000\040\000A\000u\000d\000i\000t\000,\000\040\000l\000e\000s\000\040\000o\000u\000t\000i\000l\000s\000\040\000l\000e\000a\000n\000\040\0004\000.\0000}{}% 21
\BOOKMARK [1][-]{section.2.1}{\376\377\000I\000n\000t\000r\000o\000d\000u\000c\000t\000i\000o\000n}{chapter.2}% 22
\BOOKMARK [1][-]{section.2.2}{\376\377\000P\000a\000r\000t\000i\000e\000\040\000I\000\040\000:\000\040\000A\000u\000d\000i\000t\000\040\000d\000e\000\040\000m\000a\000t\000u\000r\000i\000t\000\351\000\040\000d\000i\000g\000i\000t\000a\000l\000e}{chapter.2}% 23
\BOOKMARK [2][-]{subsection.2.2.1}{\376\377\000I\000n\000t\000r\000o\000d\000u\000c\000t\000i\000o\000n\000\040\000a\000\040\000l\000'\000a\000u\000d\000i\000t\000\040\000I\000M\000P\000U\000L\000S}{section.2.2}% 24
\BOOKMARK [2][-]{subsection.2.2.2}{\376\377\000O\000b\000j\000e\000c\000t\000i\000f\000s\000\040\000d\000e\000\040\000l\000'\000a\000u\000d\000i\000t}{section.2.2}% 25
\BOOKMARK [2][-]{subsection.2.2.3}{\376\377\000P\000h\000a\000s\000e\000\040\000I\000n\000n\000o\000v\000e\000r\000\040\000:\000\040\000P\000r\000o\000p\000o\000s\000i\000t\000i\000o\000n\000s\000\040\000d\000'\000\200\000\231\000a\000m\000\351\000l\000i\000o\000r\000a\000t\000i\000o\000n}{section.2.2}% 26
\BOOKMARK [3][-]{subsubsection.2.2.3.1}{\376\377\000C\000o\000n\000s\000t\000a\000t\000\040\000p\000r\000i\000n\000c\000i\000p\000a\000l}{subsection.2.2.3}% 27
\BOOKMARK [3][-]{subsubsection.2.2.3.2}{\376\377\000P\000r\000o\000p\000o\000s\000i\000t\000i\000o\000n\000\040\000:\000\040\000A\000l\000g\000o\000r\000i\000t\000h\000m\000e\000\040\000i\000n\000t\000e\000l\000l\000i\000g\000e\000n\000t\000\040\000d\000e\000\040\000g\000e\000s\000t\000i\000o\000n\000\040\000d\000e\000s\000\040\000t\000a\000b\000l\000e\000s\000\040\000d\000e\000\040\000m\000a\000t\000e\000l\000a\000s\000s\000a\000g\000e}{subsection.2.2.3}% 28
\BOOKMARK [4][-]{paragraph.2.2.3.2.1}{\376\377\000P\000r\000i\000n\000c\000i\000p\000e\000\040\000d\000e\000\040\000f\000o\000n\000c\000t\000i\000o\000n\000n\000e\000m\000e\000n\000t}{subsubsection.2.2.3.2}% 29
\BOOKMARK [4][-]{paragraph.2.2.3.2.2}{\376\377\000P\000s\000e\000u\000d\000o\000c\000o\000d\000e\000\040\000d\000e\000\040\000l\000'\000\200\000\231\000a\000l\000g\000o\000r\000i\000t\000h\000m\000e}{subsubsection.2.2.3.2}% 30
\BOOKMARK [3][-]{subsubsection.2.2.3.3}{\376\377\000A\000p\000p\000l\000i\000c\000a\000t\000i\000o\000n\000\040\000p\000r\000a\000t\000i\000q\000u\000e}{subsection.2.2.3}% 31
\BOOKMARK [3][-]{subsubsection.2.2.3.4}{\376\377\000B\000\351\000n\000\351\000f\000i\000c\000e\000s\000\040\000a\000t\000t\000e\000n\000d\000u\000s}{subsection.2.2.3}% 32
\BOOKMARK [2][-]{subsection.2.2.4}{\376\377\000M\000\351\000t\000h\000o\000d\000o\000l\000o\000g\000i\000e\000\040\000d\000'\000\351\000v\000a\000l\000u\000a\000t\000i\000o\000n}{section.2.2}% 33
\BOOKMARK [3][-]{subsubsection.2.2.4.1}{\376\377\000C\000h\000o\000i\000x\000\040\000d\000u\000\040\000q\000u\000e\000s\000t\000i\000o\000n\000n\000a\000i\000r\000e\000\040\000I\000M\000P\000U\000L\000S}{subsection.2.2.4}% 34
\BOOKMARK [3][-]{subsubsection.2.2.4.2}{\376\377\000M\000o\000d\000e\000\040\000d\000e\000\040\000d\000i\000f\000f\000u\000s\000i\000o\000n}{subsection.2.2.4}% 35
\BOOKMARK [3][-]{subsubsection.2.2.4.3}{\376\377\000C\000i\000b\000l\000e\000\040\000d\000e\000\040\000l\000'\000e\000n\000q\000u\000e\000t\000e}{subsection.2.2.4}% 36
\BOOKMARK [2][-]{subsection.2.2.5}{\376\377\000D\000\351\000r\000o\000u\000l\000e\000m\000e\000n\000t\000\040\000d\000e\000\040\000l\000'\000\200\000\231\000e\000n\000q\000u\000e\000t\000e}{section.2.2}% 37
\BOOKMARK [1][-]{section.2.3}{\376\377\000R\000\351\000s\000u\000l\000t\000a\000t\000s\000\040\000d\000e\000\040\000l\000'\000\351\000v\000a\000l\000u\000a\000t\000i\000o\000n\000\040\000d\000e\000\040\000l\000a\000\040\000m\000a\000t\000u\000r\000i\000t\000\351\000\040\000d\000i\000g\000i\000t\000a\000l\000e}{chapter.2}% 38
\BOOKMARK [2][-]{subsection.2.3.1}{\376\377\000M\000\351\000t\000h\000o\000d\000o\000l\000o\000g\000i\000e\000\040\000d\000'\000\351\000v\000a\000l\000u\000a\000t\000i\000o\000n}{section.2.3}% 39
\BOOKMARK [2][-]{subsection.2.3.2}{\376\377\000D\000\351\000t\000a\000i\000l\000\040\000d\000e\000s\000\040\000s\000c\000o\000r\000e\000s\000\040\000p\000a\000r\000\040\000c\000r\000i\000t\000\350\000r\000e}{section.2.3}% 40
\BOOKMARK [3][-]{paragraph.2.3.2.0.1}{\376\377\000A\000n\000a\000l\000y\000s\000e\000\040\000d\000u\000\040\000d\000\351\000r\000o\000u\000l\000e\000m\000e\000n\000t\000\040\000d\000e\000\040\000c\000o\000u\000p\000e\000\040\000\050\000e\000x\000t\000r\000a\000i\000t\000\040\000d\000o\000c\000u\000m\000e\000n\000t\000a\000i\000r\000e\000\051}{subsection.2.3.2}% 41
\BOOKMARK [4][-]{paragraph.2.3.2.0.2}{\376\377\000A\000p\000e\000r\000\347\000u\000\040\000\050\000i\000n\000t\000\351\000g\000r\000a\000t\000i\000o\000n\000\040\000d\000i\000r\000e\000c\000t\000e\000\040\000d\000u\000\040\000P\000D\000F\000\051}{paragraph.2.3.2.0.1}% 42
\BOOKMARK [4][-]{paragraph.2.3.2.0.3}{\376\377\000D\000e\000s\000c\000r\000i\000p\000t\000i\000o\000n\000\040\000s\000y\000n\000t\000h\000\351\000t\000i\000q\000u\000e\000\040\000d\000u\000\040\000d\000o\000c\000u\000m\000e\000n\000t}{paragraph.2.3.2.0.1}% 43
\BOOKMARK [4][-]{paragraph.2.3.2.0.4}{\376\377\000O\000b\000j\000e\000c\000t\000i\000f\000s\000\040\000d\000e\000\040\000l\000'\000a\000n\000a\000l\000y\000s\000e\000\040\000d\000o\000c\000u\000m\000e\000n\000t\000a\000i\000r\000e}{paragraph.2.3.2.0.1}% 44
\BOOKMARK [4][-]{paragraph.2.3.2.0.5}{\376\377\000P\000r\000i\000n\000c\000i\000p\000a\000u\000x\000\040\000e\000n\000s\000e\000i\000g\000n\000e\000m\000e\000n\000t\000s}{paragraph.2.3.2.0.1}% 45
\BOOKMARK [4][-]{paragraph.2.3.2.0.6}{\376\377\000L\000i\000m\000i\000t\000e\000s\000\040\000e\000t\000\040\000p\000r\000\351\000c\000a\000u\000t\000i\000o\000n\000s}{paragraph.2.3.2.0.1}% 46
\BOOKMARK [4][-]{paragraph.2.3.2.0.7}{\376\377\000C\000o\000n\000c\000l\000u\000s\000i\000o\000n\000\040\000o\000p\000\351\000r\000a\000t\000i\000o\000n\000n\000e\000l\000l\000e}{paragraph.2.3.2.0.1}% 47
\BOOKMARK [3][-]{subsubsection.2.3.2.1}{\376\377\000D\000e\000s\000c\000r\000i\000p\000t\000i\000o\000n\000\040\000s\000y\000n\000t\000h\000\351\000t\000i\000q\000u\000e\000\040\000d\000e\000s\000\040\000p\000r\000o\000c\000e\000s\000s\000u\000s\000\040\000m\000e\000s\000u\000r\000\351\000s}{subsection.2.3.2}% 48
\BOOKMARK [3][-]{subsubsection.2.3.2.2}{\376\377\000C\000o\000n\000s\000t\000a\000t\000s\000\040\000c\000l\000\351\000s\000\040\000d\000e\000\040\000l\000a\000\040\000c\000o\000l\000l\000e\000c\000t\000e}{subsection.2.3.2}% 49
\BOOKMARK [3][-]{subsubsection.2.3.2.3}{\376\377\000P\000a\000r\000a\000m\000\350\000t\000r\000e\000s\000\040\000t\000e\000c\000h\000n\000i\000q\000u\000e\000s\000\040\000d\000e\000\040\000l\000'\000a\000t\000e\000l\000i\000e\000r\000\040\000\050\000r\000\351\000f\000\351\000r\000e\000n\000c\000e\000\051}{subsection.2.3.2}% 50
\BOOKMARK [3][-]{subsubsection.2.3.2.4}{\376\377\000S\000y\000n\000t\000h\000\350\000s\000e\000\040\000d\000e\000\040\000l\000a\000\040\000p\000h\000a\000s\000e\000\040\000d\000e\000\040\000m\000e\000s\000u\000r\000e}{subsection.2.3.2}% 51
\BOOKMARK [2][-]{subsection.2.3.3}{\376\377\000P\000h\000a\000s\000e\000\040\0003\000\040\000:\000\040\000A\000n\000a\000l\000y\000z\000e\000\040\000\050\000A\000n\000a\000l\000y\000s\000e\000r\000\051}{section.2.3}% 52
\BOOKMARK [3][-]{subsubsection.2.3.3.1}{\376\377\000O\000b\000j\000e\000c\000t\000i\000f\000\040\000d\000e\000\040\000l\000a\000\040\000p\000h\000a\000s\000e\000\040\000A\000n\000a\000l\000y\000s\000e}{subsection.2.3.3}% 53
\BOOKMARK [3][-]{subsubsection.2.3.3.2}{\376\377\000M\000\351\000t\000h\000o\000d\000e\000s\000\040\000d\000'\000a\000n\000a\000l\000y\000s\000e\000\040\000u\000t\000i\000l\000i\000s\000\351\000e\000s}{subsection.2.3.3}% 54
\BOOKMARK [3][-]{subsubsection.2.3.3.3}{\376\377\000A\000n\000a\000l\000y\000s\000e\000\040\000d\000e\000s\000\040\000t\000e\000m\000p\000s\000\040\000r\000\351\000e\000l\000s\000\040\000p\000a\000r\000\040\000a\000c\000t\000i\000v\000i\000t\000\351}{subsection.2.3.3}% 55
\BOOKMARK [3][-]{subsubsection.2.3.3.4}{\376\377\000A\000n\000a\000l\000y\000s\000e\000\040\000d\000e\000s\000\040\000p\000e\000r\000t\000u\000r\000b\000a\000t\000i\000o\000n\000s}{subsection.2.3.3}% 56
\BOOKMARK [3][-]{subsubsection.2.3.3.5}{\376\377\000C\000a\000p\000a\000c\000i\000t\000\351\000s\000\040\000e\000t\000\040\000l\000i\000m\000i\000t\000e\000s\000\040\000t\000e\000c\000h\000n\000i\000q\000u\000e\000s\000\040\000o\000b\000s\000e\000r\000v\000\351\000e\000s}{subsection.2.3.3}% 57
\BOOKMARK [3][-]{subsubsection.2.3.3.6}{\376\377\000D\000i\000a\000g\000r\000a\000m\000m\000e\000\040\000d\000'\000I\000s\000h\000i\000k\000a\000w\000a}{subsection.2.3.3}% 58
\BOOKMARK [3][-]{subsubsection.2.3.3.7}{\376\377\000A\000n\000a\000l\000y\000s\000e\000\040\000d\000i\000r\000e\000c\000t\000e\000\040\000d\000e\000s\000\040\000d\000o\000n\000n\000\351\000e\000s\000\040\000m\000e\000s\000u\000r\000\351\000e\000s}{subsection.2.3.3}% 59
\BOOKMARK [3][-]{subsubsection.2.3.3.8}{\376\377\000S\000y\000n\000t\000h\000\350\000s\000e\000\040\000d\000e\000s\000\040\000c\000a\000u\000s\000e\000s\000\040\000r\000a\000c\000i\000n\000e\000s\000\040\000i\000d\000e\000n\000t\000i\000f\000i\000\351\000e\000s}{subsection.2.3.3}% 60
\BOOKMARK [3][-]{subsubsection.2.3.3.9}{\376\377\000C\000o\000n\000c\000l\000u\000s\000i\000o\000n\000\040\000d\000e\000\040\000l\000a\000\040\000p\000h\000a\000s\000e\000\040\000A\000n\000a\000l\000y\000s\000e}{subsection.2.3.3}% 61
\BOOKMARK [2][-]{subsection.2.3.4}{\376\377\000P\000h\000a\000s\000e\000\040\0004\000\040\000:\000\040\000I\000m\000p\000r\000o\000v\000e\000\040\000\050\000A\000m\000\351\000l\000i\000o\000r\000e\000r\000\051}{section.2.3}% 62
\BOOKMARK [3][-]{subsubsection.2.3.4.1}{\376\377\000C\000o\000n\000s\000t\000a\000t\000\040\000p\000r\000i\000n\000c\000i\000p\000a\000l}{subsection.2.3.4}% 63
\BOOKMARK [3][-]{subsubsection.2.3.4.2}{\376\377\000P\000r\000o\000p\000o\000s\000i\000t\000i\000o\000n\000\040\000:\000\040\000A\000l\000g\000o\000r\000i\000t\000h\000m\000e\000\040\000i\000n\000t\000e\000l\000l\000i\000g\000e\000n\000t\000\040\000d\000e\000\040\000g\000e\000s\000t\000i\000o\000n\000\040\000d\000e\000s\000\040\000t\000a\000b\000l\000e\000s\000\040\000d\000e\000\040\000m\000a\000t\000e\000l\000a\000s\000s\000a\000g\000e}{subsection.2.3.4}% 64
\BOOKMARK [4][-]{paragraph.2.3.4.2.1}{\376\377\000P\000r\000i\000n\000c\000i\000p\000e\000\040\000d\000e\000\040\000f\000o\000n\000c\000t\000i\000o\000n\000n\000e\000m\000e\000n\000t}{subsubsection.2.3.4.2}% 65
\BOOKMARK [4][-]{paragraph.2.3.4.2.2}{\376\377\000P\000s\000e\000u\000d\000o\000c\000o\000d\000e\000\040\000d\000e\000\040\000l\000'\000a\000l\000g\000o\000r\000i\000t\000h\000m\000e}{subsubsection.2.3.4.2}% 66
\BOOKMARK [4][-]{paragraph.2.3.4.2.3}{\376\377\000S\000c\000h\000\351\000m\000a\000\040\000d\000e\000\040\000f\000o\000n\000c\000t\000i\000o\000n\000n\000e\000m\000e\000n\000t\000\040\000d\000e\000\040\000l\000'\000a\000l\000g\000o\000r\000i\000t\000h\000m\000e}{subsubsection.2.3.4.2}% 67
\BOOKMARK [3][-]{subsubsection.2.3.4.3}{\376\377\000A\000p\000p\000l\000i\000c\000a\000t\000i\000o\000n\000\040\000p\000r\000a\000t\000i\000q\000u\000e}{subsection.2.3.4}% 68
\BOOKMARK [3][-]{subsubsection.2.3.4.4}{\376\377\000B\000\351\000n\000\351\000f\000i\000c\000e\000s\000\040\000a\000t\000t\000e\000n\000d\000u\000s}{subsection.2.3.4}% 69
\BOOKMARK [2][-]{subsection.2.3.5}{\376\377\000P\000h\000a\000s\000e\000\040\000C\000o\000n\000t\000r\000\364\000l\000e\000r\000\040\000:\000\040\000P\000\351\000r\000e\000n\000n\000i\000s\000a\000t\000i\000o\000n\000\040\000d\000e\000s\000\040\000a\000m\000\351\000l\000i\000o\000r\000a\000t\000i\000o\000n\000s}{section.2.3}% 70
\BOOKMARK [3][-]{subsubsection.2.3.5.1}{\376\377\000O\000b\000j\000e\000c\000t\000i\000f\000s\000\040\000d\000e\000\040\000l\000a\000\040\000p\000h\000a\000s\000e\000\040\000d\000e\000\040\000c\000o\000n\000t\000r\000\364\000l\000e}{subsection.2.3.5}% 71
\BOOKMARK [3][-]{subsubsection.2.3.5.2}{\376\377\000M\000i\000s\000e\000\040\000e\000n\000\040\000p\000l\000a\000c\000e\000\040\000d\000'\000i\000n\000d\000i\000c\000a\000t\000e\000u\000r\000s\000\040\000d\000e\000\040\000p\000e\000r\000f\000o\000r\000m\000a\000n\000c\000e\000\040\000\050\000K\000P\000I\000\051}{subsection.2.3.5}% 72
\BOOKMARK [3][-]{subsubsection.2.3.5.3}{\376\377\000S\000y\000s\000t\000\350\000m\000e\000\040\000d\000e\000\040\000s\000u\000i\000v\000i\000\040\000e\000t\000\040\000d\000e\000\040\000v\000i\000s\000u\000a\000l\000i\000s\000a\000t\000i\000o\000n}{subsection.2.3.5}% 73
\BOOKMARK [3][-]{subsubsection.2.3.5.4}{\376\377\000M\000\351\000c\000a\000n\000i\000s\000m\000e\000s\000\040\000d\000e\000\040\000c\000o\000n\000t\000r\000\364\000l\000e\000\040\000e\000t\000\040\000d\000'\000a\000l\000e\000r\000t\000e}{subsection.2.3.5}% 74
\BOOKMARK [3][-]{subsubsection.2.3.5.5}{\376\377\000S\000t\000a\000n\000d\000a\000r\000d\000i\000s\000a\000t\000i\000o\000n\000\040\000d\000e\000s\000\040\000p\000r\000o\000c\000\351\000d\000u\000r\000e\000s}{subsection.2.3.5}% 75
\BOOKMARK [3][-]{subsubsection.2.3.5.6}{\376\377\000A\000m\000\351\000l\000i\000o\000r\000a\000t\000i\000o\000n\000\040\000c\000o\000n\000t\000i\000n\000u\000e}{subsection.2.3.5}% 76
\BOOKMARK [3][-]{subsubsection.2.3.5.7}{\376\377\000C\000o\000n\000c\000l\000u\000s\000i\000o\000n\000\040\000d\000e\000\040\000l\000a\000\040\000p\000h\000a\000s\000e\000\040\000C\000o\000n\000t\000r\000\364\000l\000e\000r}{subsection.2.3.5}% 77
