\BOOKMARK [0][-]{chapter*.1}{\376\377\000L\000i\000s\000t\000e\000\040\000d\000e\000s\000\040\000f\000i\000g\000u\000r\000e\000s}{}% 1
\BOOKMARK [0][-]{chapter*.2}{\376\377\000L\000i\000s\000t\000e\000\040\000d\000e\000s\000\040\000t\000a\000b\000l\000e\000a\000u\000x}{}% 2
\BOOKMARK [0][-]{chapter*.3}{\376\377\000I\000N\000T\000R\000O\000D\000U\000C\000T\000I\000O\000N\000\040\000G\000\311\000N\000\311\000R\000A\000L\000E}{}% 3
\BOOKMARK [0][-]{chapter.1}{\376\377\000C\000a\000d\000r\000e\000\040\000d\000u\000\040\000p\000r\000o\000j\000e\000t\000\040\000e\000t\000\040\000\351\000t\000u\000d\000e\000\040\000d\000e\000\040\000l\000'\000e\000x\000i\000s\000t\000a\000n\000t}{}% 4
\BOOKMARK [1][-]{section.1.1}{\376\377\000I\000n\000t\000r\000o\000d\000u\000c\000t\000i\000o\000n}{chapter.1}% 5
\BOOKMARK [1][-]{section.1.2}{\376\377\000P\000r\000\351\000s\000e\000n\000t\000a\000t\000i\000o\000n\000\040\000d\000e\000\040\000l\000'\000e\000n\000t\000r\000e\000p\000r\000i\000s\000e\000\040\000d\000'\000a\000c\000c\000u\000e\000i\000l\000\040\000:\000\040\000B\000a\000c\000o\000v\000e\000t}{chapter.1}% 6
\BOOKMARK [2][-]{subsection.1.2.1}{\376\377\000H\000i\000s\000t\000o\000r\000i\000q\000u\000e\000\040\000e\000t\000\040\000i\000d\000e\000n\000t\000i\000t\000\351}{section.1.2}% 7
\BOOKMARK [2][-]{subsection.1.2.2}{\376\377\000P\000a\000r\000t\000e\000n\000a\000r\000i\000a\000t\000s\000\040\000s\000t\000r\000a\000t\000\351\000g\000i\000q\000u\000e\000s\000\040\000e\000t\000\040\000p\000r\000\351\000s\000e\000n\000c\000e\000\040\000m\000o\000n\000d\000i\000a\000l\000e}{section.1.2}% 8
\BOOKMARK [2][-]{subsection.1.2.3}{\376\377\000C\000e\000r\000t\000i\000f\000i\000c\000a\000t\000i\000o\000n\000s\000\040\000d\000e\000\040\000B\000a\000c\000o\000v\000e\000t}{section.1.2}% 9
\BOOKMARK [1][-]{section.1.3}{\376\377\000O\000r\000g\000a\000n\000i\000s\000a\000t\000i\000o\000n\000\040\000e\000t\000\040\000o\000r\000g\000a\000n\000i\000g\000r\000a\000m\000m\000e}{chapter.1}% 10
\BOOKMARK [1][-]{section.1.4}{\376\377\000P\000r\000o\000c\000e\000s\000s\000u\000s\000\040\000g\000l\000o\000b\000a\000l\000\040\000c\000h\000e\000z\000\040\000B\000A\000C\000O\000V\000E\000T}{chapter.1}% 11
\BOOKMARK [2][-]{subsection.1.4.1}{\376\377\000P\000r\000o\000c\000e\000s\000s\000u\000s\000\040\000d\000\351\000t\000a\000i\000l\000l\000\351\000\040\000d\000e\000\040\000l\000'\000a\000t\000e\000l\000i\000e\000r\000\040\000d\000e\000\040\000c\000o\000u\000p\000e}{section.1.4}% 12
\BOOKMARK [2][-]{subsection.1.4.2}{\376\377\000D\000u\000r\000a\000b\000i\000l\000i\000t\000\351\000\040\000e\000t\000\040\000r\000e\000s\000p\000o\000n\000s\000a\000b\000i\000l\000i\000t\000\351\000\040\000e\000n\000v\000i\000r\000o\000n\000n\000e\000m\000e\000n\000t\000a\000l\000e}{section.1.4}% 13
\BOOKMARK [1][-]{section.1.5}{\376\377\000C\000a\000d\000r\000e\000\040\000d\000u\000\040\000p\000r\000o\000j\000e\000t}{chapter.1}% 14
\BOOKMARK [1][-]{section.1.6}{\376\377\000C\000o\000n\000c\000l\000u\000s\000i\000o\000n\000\040\000d\000u\000\040\000c\000h\000a\000p\000i\000t\000r\000e}{chapter.1}% 15
\BOOKMARK [0][-]{chapter.2}{\376\377\000M\000e\000n\000e\000r\000\040\000u\000n\000e\000\040\000a\000c\000t\000i\000o\000n\000\040\000d\000'\000a\000m\000\351\000l\000i\000o\000r\000a\000t\000i\000o\000n\000\040\000d\000'\000u\000n\000\040\000a\000t\000e\000l\000i\000e\000r\000\040\000d\000e\000\040\000t\000r\000a\000v\000a\000i\000l\000\040\000a\000v\000e\000c\000\040\000A\000u\000d\000i\000t\000,\000\040\000l\000e\000s\000\040\000o\000u\000t\000i\000l\000s\000\040\000l\000e\000a\000n\000\040\0004\000.\0000}{}% 16
\BOOKMARK [1][-]{section.2.1}{\376\377\000I\000n\000t\000r\000o\000d\000u\000c\000t\000i\000o\000n}{chapter.2}% 17
\BOOKMARK [1][-]{section.2.2}{\376\377\000P\000a\000r\000t\000i\000e\000\040\000I\000\040\000:\000\040\000A\000u\000d\000i\000t\000\040\000d\000e\000\040\000m\000a\000t\000u\000r\000i\000t\000\351\000\040\000d\000i\000g\000i\000t\000a\000l\000e}{chapter.2}% 18
\BOOKMARK [2][-]{subsection.2.2.1}{\376\377\000I\000n\000t\000r\000o\000d\000u\000c\000t\000i\000o\000n\000\040\000a\000\040\000l\000'\000a\000u\000d\000i\000t\000\040\000I\000M\000P\000U\000L\000S}{section.2.2}% 19
\BOOKMARK [2][-]{subsection.2.2.2}{\376\377\000O\000b\000j\000e\000c\000t\000i\000f\000s\000\040\000d\000e\000\040\000l\000'\000a\000u\000d\000i\000t}{section.2.2}% 20
\BOOKMARK [2][-]{subsection.2.2.3}{\376\377\000P\000h\000a\000s\000e\000\040\000I\000n\000n\000o\000v\000e\000r\000\040\000:\000\040\000P\000r\000o\000p\000o\000s\000i\000t\000i\000o\000n\000s\000\040\000d\000'\000\200\000\231\000a\000m\000\351\000l\000i\000o\000r\000a\000t\000i\000o\000n}{section.2.2}% 21
\BOOKMARK [3][-]{subsubsection.2.2.3.1}{\376\377\000C\000o\000n\000s\000t\000a\000t\000\040\000p\000r\000i\000n\000c\000i\000p\000a\000l}{subsection.2.2.3}% 22
\BOOKMARK [3][-]{subsubsection.2.2.3.2}{\376\377\000P\000r\000o\000p\000o\000s\000i\000t\000i\000o\000n\000\040\000:\000\040\000A\000l\000g\000o\000r\000i\000t\000h\000m\000e\000\040\000i\000n\000t\000e\000l\000l\000i\000g\000e\000n\000t\000\040\000d\000e\000\040\000g\000e\000s\000t\000i\000o\000n\000\040\000d\000e\000s\000\040\000t\000a\000b\000l\000e\000s\000\040\000d\000e\000\040\000m\000a\000t\000e\000l\000a\000s\000s\000a\000g\000e}{subsection.2.2.3}% 23
\BOOKMARK [4][-]{paragraph.2.2.3.2.1}{\376\377\000P\000r\000i\000n\000c\000i\000p\000e\000\040\000d\000e\000\040\000f\000o\000n\000c\000t\000i\000o\000n\000n\000e\000m\000e\000n\000t}{subsubsection.2.2.3.2}% 24
\BOOKMARK [4][-]{paragraph.2.2.3.2.2}{\376\377\000P\000s\000e\000u\000d\000o\000c\000o\000d\000e\000\040\000d\000e\000\040\000l\000'\000\200\000\231\000a\000l\000g\000o\000r\000i\000t\000h\000m\000e}{subsubsection.2.2.3.2}% 25
\BOOKMARK [3][-]{subsubsection.2.2.3.3}{\376\377\000A\000p\000p\000l\000i\000c\000a\000t\000i\000o\000n\000\040\000p\000r\000a\000t\000i\000q\000u\000e}{subsection.2.2.3}% 26
\BOOKMARK [3][-]{subsubsection.2.2.3.4}{\376\377\000B\000\351\000n\000\351\000f\000i\000c\000e\000s\000\040\000a\000t\000t\000e\000n\000d\000u\000s}{subsection.2.2.3}% 27
\BOOKMARK [2][-]{subsection.2.2.4}{\376\377\000M\000\351\000t\000h\000o\000d\000o\000l\000o\000g\000i\000e\000\040\000d\000'\000\351\000v\000a\000l\000u\000a\000t\000i\000o\000n}{section.2.2}% 28
\BOOKMARK [3][-]{subsubsection.2.2.4.1}{\376\377\000C\000h\000o\000i\000x\000\040\000d\000u\000\040\000q\000u\000e\000s\000t\000i\000o\000n\000n\000a\000i\000r\000e\000\040\000I\000M\000P\000U\000L\000S}{subsection.2.2.4}% 29
\BOOKMARK [3][-]{subsubsection.2.2.4.2}{\376\377\000M\000o\000d\000e\000\040\000d\000e\000\040\000d\000i\000f\000f\000u\000s\000i\000o\000n}{subsection.2.2.4}% 30
\BOOKMARK [3][-]{subsubsection.2.2.4.3}{\376\377\000C\000i\000b\000l\000e\000\040\000d\000e\000\040\000l\000'\000e\000n\000q\000u\000e\000t\000e}{subsection.2.2.4}% 31
\BOOKMARK [2][-]{subsection.2.2.5}{\376\377\000D\000\351\000r\000o\000u\000l\000e\000m\000e\000n\000t\000\040\000d\000e\000\040\000l\000'\000\200\000\231\000e\000n\000q\000u\000e\000t\000e}{section.2.2}% 32
\BOOKMARK [1][-]{section.2.3}{\376\377\000R\000\351\000s\000u\000l\000t\000a\000t\000s\000\040\000d\000e\000\040\000l\000'\000\351\000v\000a\000l\000u\000a\000t\000i\000o\000n\000\040\000d\000e\000\040\000l\000a\000\040\000m\000a\000t\000u\000r\000i\000t\000\351\000\040\000d\000i\000g\000i\000t\000a\000l\000e}{chapter.2}% 33
\BOOKMARK [2][-]{subsection.2.3.1}{\376\377\000M\000\351\000t\000h\000o\000d\000o\000l\000o\000g\000i\000e\000\040\000d\000'\000\351\000v\000a\000l\000u\000a\000t\000i\000o\000n}{section.2.3}% 34
\BOOKMARK [2][-]{subsection.2.3.2}{\376\377\000D\000\351\000t\000a\000i\000l\000\040\000d\000e\000s\000\040\000s\000c\000o\000r\000e\000s\000\040\000p\000a\000r\000\040\000c\000r\000i\000t\000\350\000r\000e}{section.2.3}% 35
\BOOKMARK [2][-]{subsection.2.3.3}{\376\377\000R\000\351\000s\000u\000l\000t\000a\000t\000s\000\040\000g\000l\000o\000b\000a\000u\000x}{section.2.3}% 36
\BOOKMARK [2][-]{subsection.2.3.4}{\376\377\000A\000n\000a\000l\000y\000s\000e\000\040\000p\000a\000r\000\040\000d\000o\000m\000a\000i\000n\000e}{section.2.3}% 37
\BOOKMARK [3][-]{subsubsection.2.3.4.1}{\376\377\000D\000o\000m\000a\000i\000n\000e\000\040\000A\000\040\000:\000\040\000E\000f\000f\000i\000c\000a\000c\000i\000t\000\351\000\040\000d\000e\000s\000\040\000p\000r\000o\000c\000e\000s\000s\000u\000s}{subsection.2.3.4}% 38
\BOOKMARK [3][-]{subsubsection.2.3.4.2}{\376\377\000D\000o\000m\000a\000i\000n\000e\000\040\000B\000\040\000:\000\040\000A\000u\000t\000o\000m\000a\000t\000i\000s\000a\000t\000i\000o\000n\000,\000\040\000i\000n\000n\000o\000v\000a\000t\000i\000o\000n\000\040\000e\000t\000\040\000i\000n\000t\000\351\000g\000r\000a\000t\000i\000o\000n\000\040\000n\000u\000m\000\351\000r\000i\000q\000u\000e}{subsection.2.3.4}% 39
\BOOKMARK [3][-]{subsubsection.2.3.4.3}{\376\377\000D\000o\000m\000a\000i\000n\000e\000\040\000C\000\040\000:\000\040\000G\000e\000s\000t\000i\000o\000n\000\040\000d\000e\000s\000\040\000p\000e\000r\000f\000o\000r\000m\000a\000n\000c\000e\000s\000\040\000e\000t\000\040\000d\000e\000s\000\040\000f\000l\000u\000x}{subsection.2.3.4}% 40
\BOOKMARK [3][-]{subsubsection.2.3.4.4}{\376\377\000D\000o\000m\000a\000i\000n\000e\000\040\000D\000\040\000:\000\040\000A\000m\000\351\000l\000i\000o\000r\000a\000t\000i\000o\000n\000\040\000c\000o\000n\000t\000i\000n\000u\000e\000\040\000e\000t\000\040\000f\000l\000e\000x\000i\000b\000i\000l\000i\000t\000\351}{subsection.2.3.4}% 41
\BOOKMARK [2][-]{subsection.2.3.5}{\376\377\000C\000o\000n\000c\000l\000u\000s\000i\000o\000n\000\040\000d\000e\000s\000\040\000r\000\351\000s\000u\000l\000t\000a\000t\000s}{section.2.3}% 42
\BOOKMARK [1][-]{section.2.4}{\376\377\000P\000a\000r\000t\000i\000e\000\040\000I\000I\000\040\000:\000\040\000A\000p\000p\000l\000i\000c\000a\000t\000i\000o\000n\000\040\000d\000e\000\040\000l\000a\000\040\000m\000\351\000t\000h\000o\000d\000o\000l\000o\000g\000i\000e\000\040\000D\000M\000A\000I\000C}{chapter.2}% 43
\BOOKMARK [2][-]{subsection.2.4.1}{\376\377\000I\000n\000t\000r\000o\000d\000u\000c\000t\000i\000o\000n\000\040\000a\000\040\000l\000a\000\040\000m\000\351\000t\000h\000o\000d\000e\000\040\000D\000M\000A\000I\000C}{section.2.4}% 44
\BOOKMARK [2][-]{subsection.2.4.2}{\376\377\000P\000h\000a\000s\000e\000\040\0001\000\040\000:\000\040\000D\000e\000f\000i\000n\000e\000\040\000\050\000D\000\351\000f\000i\000n\000i\000r\000\051}{section.2.4}% 45
\BOOKMARK [3][-]{subsubsection.2.4.2.1}{\376\377\000O\000b\000j\000e\000c\000t\000i\000f\000\040\000d\000e\000\040\000l\000a\000\040\000p\000h\000a\000s\000e\000\040\000D\000e\000f\000i\000n\000e}{subsection.2.4.2}% 46
\BOOKMARK [3][-]{subsubsection.2.4.2.2}{\376\377\000S\000y\000s\000t\000\350\000m\000e\000s\000\040\000d\000'\000i\000n\000f\000o\000r\000m\000a\000t\000i\000o\000n\000\040\000u\000t\000i\000l\000i\000s\000\351\000s\000\040\000d\000a\000n\000s\000\040\000l\000'\000a\000t\000e\000l\000i\000e\000r\000\040\000d\000e\000\040\000c\000o\000u\000p\000e}{subsection.2.4.2}% 47
\BOOKMARK [3][-]{subsubsection.2.4.2.3}{\376\377\000O\000u\000t\000i\000l\000\040\000u\000t\000i\000l\000i\000s\000\351\000\040\000:\000\040\000C\000a\000r\000t\000e\000\040\000m\000e\000n\000t\000a\000l\000e}{subsection.2.4.2}% 48
\BOOKMARK [3][-]{subsubsection.2.4.2.4}{\376\377\000R\000\351\000s\000u\000m\000\351\000\040\000d\000e\000s\000\040\000p\000o\000i\000n\000t\000s\000\040\000c\000l\000\351\000s\000\040\000i\000d\000e\000n\000t\000i\000f\000i\000\351\000s}{subsection.2.4.2}% 49
\BOOKMARK [3][-]{subsubsection.2.4.2.5}{\376\377\000C\000o\000n\000c\000l\000u\000s\000i\000o\000n\000\040\000d\000e\000\040\000l\000a\000\040\000p\000h\000a\000s\000e\000\040\000"\000D\000\351\000f\000i\000n\000i\000r\000"}{subsection.2.4.2}% 50
\BOOKMARK [2][-]{subsection.2.4.3}{\376\377\000P\000h\000a\000s\000e\000\040\0002\000\040\000:\000\040\000M\000e\000a\000s\000u\000r\000e\000\040\000\050\000M\000e\000s\000u\000r\000e\000r\000\051}{section.2.4}% 51
\BOOKMARK [3][-]{subsubsection.2.4.3.1}{\376\377\000O\000b\000j\000e\000c\000t\000i\000f\000\040\000d\000e\000\040\000l\000a\000\040\000p\000h\000a\000s\000e\000\040\000d\000e\000\040\000m\000e\000s\000u\000r\000e}{subsection.2.4.3}% 52
\BOOKMARK [3][-]{subsubsection.2.4.3.2}{\376\377\000M\000\351\000t\000h\000o\000d\000o\000l\000o\000g\000i\000e\000\040\000d\000e\000\040\000m\000e\000s\000u\000r\000e}{subsection.2.4.3}% 53
\BOOKMARK [4][-]{paragraph.2.4.3.2.1}{\376\377\000A\000n\000a\000l\000y\000s\000e\000\040\000d\000u\000\040\000d\000\351\000r\000o\000u\000l\000e\000m\000e\000n\000t\000\040\000d\000e\000\040\000c\000o\000u\000p\000e\000\040\000\050\000e\000x\000t\000r\000a\000i\000t\000\040\000d\000o\000c\000u\000m\000e\000n\000t\000a\000i\000r\000e\000\051}{subsubsection.2.4.3.2}% 54
\BOOKMARK [4][-]{paragraph.2.4.3.2.2}{\376\377\000A\000p\000e\000r\000\347\000u\000\040\000\050\000i\000n\000t\000\351\000g\000r\000a\000t\000i\000o\000n\000\040\000d\000i\000r\000e\000c\000t\000e\000\040\000d\000u\000\040\000P\000D\000F\000\051}{subsubsection.2.4.3.2}% 55
\BOOKMARK [4][-]{paragraph.2.4.3.2.3}{\376\377\000D\000e\000s\000c\000r\000i\000p\000t\000i\000o\000n\000\040\000s\000y\000n\000t\000h\000\351\000t\000i\000q\000u\000e\000\040\000d\000u\000\040\000d\000o\000c\000u\000m\000e\000n\000t}{subsubsection.2.4.3.2}% 56
\BOOKMARK [4][-]{paragraph.2.4.3.2.4}{\376\377\000O\000b\000j\000e\000c\000t\000i\000f\000s\000\040\000d\000e\000\040\000l\000'\000a\000n\000a\000l\000y\000s\000e\000\040\000d\000o\000c\000u\000m\000e\000n\000t\000a\000i\000r\000e}{subsubsection.2.4.3.2}% 57
\BOOKMARK [4][-]{paragraph.2.4.3.2.5}{\376\377\000P\000r\000i\000n\000c\000i\000p\000a\000u\000x\000\040\000e\000n\000s\000e\000i\000g\000n\000e\000m\000e\000n\000t\000s}{subsubsection.2.4.3.2}% 58
\BOOKMARK [4][-]{paragraph.2.4.3.2.6}{\376\377\000L\000i\000m\000i\000t\000e\000s\000\040\000e\000t\000\040\000p\000r\000\351\000c\000a\000u\000t\000i\000o\000n\000s}{subsubsection.2.4.3.2}% 59
\BOOKMARK [4][-]{paragraph.2.4.3.2.7}{\376\377\000C\000o\000n\000c\000l\000u\000s\000i\000o\000n\000\040\000o\000p\000\351\000r\000a\000t\000i\000o\000n\000n\000e\000l\000l\000e}{subsubsection.2.4.3.2}% 60
\BOOKMARK [3][-]{subsubsection.2.4.3.3}{\376\377\000D\000e\000s\000c\000r\000i\000p\000t\000i\000o\000n\000\040\000s\000y\000n\000t\000h\000\351\000t\000i\000q\000u\000e\000\040\000d\000e\000s\000\040\000p\000r\000o\000c\000e\000s\000s\000u\000s\000\040\000m\000e\000s\000u\000r\000\351\000s}{subsection.2.4.3}% 61
\BOOKMARK [3][-]{subsubsection.2.4.3.4}{\376\377\000C\000o\000n\000s\000t\000a\000t\000s\000\040\000c\000l\000\351\000s\000\040\000d\000e\000\040\000l\000a\000\040\000c\000o\000l\000l\000e\000c\000t\000e}{subsection.2.4.3}% 62
\BOOKMARK [3][-]{subsubsection.2.4.3.5}{\376\377\000P\000a\000r\000a\000m\000\350\000t\000r\000e\000s\000\040\000t\000e\000c\000h\000n\000i\000q\000u\000e\000s\000\040\000d\000e\000\040\000l\000'\000a\000t\000e\000l\000i\000e\000r\000\040\000\050\000r\000\351\000f\000\351\000r\000e\000n\000c\000e\000\051}{subsection.2.4.3}% 63
\BOOKMARK [3][-]{subsubsection.2.4.3.6}{\376\377\000S\000y\000n\000t\000h\000\350\000s\000e\000\040\000d\000e\000\040\000l\000a\000\040\000p\000h\000a\000s\000e\000\040\000d\000e\000\040\000m\000e\000s\000u\000r\000e}{subsection.2.4.3}% 64
\BOOKMARK [2][-]{subsection.2.4.4}{\376\377\000P\000h\000a\000s\000e\000\040\0003\000\040\000:\000\040\000A\000n\000a\000l\000y\000z\000e\000\040\000\050\000A\000n\000a\000l\000y\000s\000e\000r\000\051}{section.2.4}% 65
\BOOKMARK [3][-]{subsubsection.2.4.4.1}{\376\377\000O\000b\000j\000e\000c\000t\000i\000f\000\040\000d\000e\000\040\000l\000a\000\040\000p\000h\000a\000s\000e\000\040\000A\000n\000a\000l\000y\000s\000e}{subsection.2.4.4}% 66
\BOOKMARK [3][-]{subsubsection.2.4.4.2}{\376\377\000M\000\351\000t\000h\000o\000d\000e\000s\000\040\000d\000'\000a\000n\000a\000l\000y\000s\000e\000\040\000u\000t\000i\000l\000i\000s\000\351\000e\000s}{subsection.2.4.4}% 67
\BOOKMARK [3][-]{subsubsection.2.4.4.3}{\376\377\000A\000n\000a\000l\000y\000s\000e\000\040\000d\000e\000s\000\040\000t\000e\000m\000p\000s\000\040\000r\000\351\000e\000l\000s\000\040\000p\000a\000r\000\040\000a\000c\000t\000i\000v\000i\000t\000\351}{subsection.2.4.4}% 68
\BOOKMARK [3][-]{subsubsection.2.4.4.4}{\376\377\000A\000n\000a\000l\000y\000s\000e\000\040\000d\000e\000s\000\040\000p\000e\000r\000t\000u\000r\000b\000a\000t\000i\000o\000n\000s}{subsection.2.4.4}% 69
\BOOKMARK [3][-]{subsubsection.2.4.4.5}{\376\377\000C\000a\000p\000a\000c\000i\000t\000\351\000s\000\040\000e\000t\000\040\000l\000i\000m\000i\000t\000e\000s\000\040\000t\000e\000c\000h\000n\000i\000q\000u\000e\000s\000\040\000o\000b\000s\000e\000r\000v\000\351\000e\000s}{subsection.2.4.4}% 70
\BOOKMARK [3][-]{subsubsection.2.4.4.6}{\376\377\000D\000i\000a\000g\000r\000a\000m\000m\000e\000\040\000d\000'\000I\000s\000h\000i\000k\000a\000w\000a}{subsection.2.4.4}% 71
\BOOKMARK [3][-]{subsubsection.2.4.4.7}{\376\377\000A\000n\000a\000l\000y\000s\000e\000\040\000d\000i\000r\000e\000c\000t\000e\000\040\000d\000e\000s\000\040\000d\000o\000n\000n\000\351\000e\000s\000\040\000m\000e\000s\000u\000r\000\351\000e\000s}{subsection.2.4.4}% 72
\BOOKMARK [3][-]{subsubsection.2.4.4.8}{\376\377\000S\000y\000n\000t\000h\000\350\000s\000e\000\040\000d\000e\000s\000\040\000c\000a\000u\000s\000e\000s\000\040\000r\000a\000c\000i\000n\000e\000s\000\040\000i\000d\000e\000n\000t\000i\000f\000i\000\351\000e\000s}{subsection.2.4.4}% 73
\BOOKMARK [3][-]{subsubsection.2.4.4.9}{\376\377\000C\000o\000n\000c\000l\000u\000s\000i\000o\000n\000\040\000d\000e\000\040\000l\000a\000\040\000p\000h\000a\000s\000e\000\040\000A\000n\000a\000l\000y\000s\000e}{subsection.2.4.4}% 74
\BOOKMARK [2][-]{subsection.2.4.5}{\376\377\000P\000h\000a\000s\000e\000\040\0004\000\040\000:\000\040\000I\000m\000p\000r\000o\000v\000e\000\040\000\050\000A\000m\000\351\000l\000i\000o\000r\000e\000r\000\051}{section.2.4}% 75
\BOOKMARK [3][-]{subsubsection.2.4.5.1}{\376\377\000C\000o\000n\000s\000t\000a\000t\000\040\000p\000r\000i\000n\000c\000i\000p\000a\000l}{subsection.2.4.5}% 76
\BOOKMARK [3][-]{subsubsection.2.4.5.2}{\376\377\000P\000r\000o\000p\000o\000s\000i\000t\000i\000o\000n\000\040\000:\000\040\000A\000l\000g\000o\000r\000i\000t\000h\000m\000e\000\040\000i\000n\000t\000e\000l\000l\000i\000g\000e\000n\000t\000\040\000d\000e\000\040\000g\000e\000s\000t\000i\000o\000n\000\040\000d\000e\000s\000\040\000t\000a\000b\000l\000e\000s\000\040\000d\000e\000\040\000m\000a\000t\000e\000l\000a\000s\000s\000a\000g\000e}{subsection.2.4.5}% 77
\BOOKMARK [4][-]{paragraph.2.4.5.2.1}{\376\377\000P\000r\000i\000n\000c\000i\000p\000e\000\040\000d\000e\000\040\000f\000o\000n\000c\000t\000i\000o\000n\000n\000e\000m\000e\000n\000t}{subsubsection.2.4.5.2}% 78
\BOOKMARK [4][-]{paragraph.2.4.5.2.2}{\376\377\000P\000s\000e\000u\000d\000o\000c\000o\000d\000e\000\040\000d\000e\000\040\000l\000'\000a\000l\000g\000o\000r\000i\000t\000h\000m\000e}{subsubsection.2.4.5.2}% 79
\BOOKMARK [4][-]{paragraph.2.4.5.2.3}{\376\377\000S\000c\000h\000\351\000m\000a\000\040\000d\000e\000\040\000f\000o\000n\000c\000t\000i\000o\000n\000n\000e\000m\000e\000n\000t\000\040\000d\000e\000\040\000l\000'\000a\000l\000g\000o\000r\000i\000t\000h\000m\000e}{subsubsection.2.4.5.2}% 80
\BOOKMARK [3][-]{subsubsection.2.4.5.3}{\376\377\000A\000p\000p\000l\000i\000c\000a\000t\000i\000o\000n\000\040\000p\000r\000a\000t\000i\000q\000u\000e}{subsection.2.4.5}% 81
\BOOKMARK [3][-]{subsubsection.2.4.5.4}{\376\377\000B\000\351\000n\000\351\000f\000i\000c\000e\000s\000\040\000a\000t\000t\000e\000n\000d\000u\000s}{subsection.2.4.5}% 82
\BOOKMARK [2][-]{subsection.2.4.6}{\376\377\000P\000h\000a\000s\000e\000\040\000C\000o\000n\000t\000r\000\364\000l\000e\000r\000\040\000:\000\040\000P\000\351\000r\000e\000n\000n\000i\000s\000a\000t\000i\000o\000n\000\040\000d\000e\000s\000\040\000a\000m\000\351\000l\000i\000o\000r\000a\000t\000i\000o\000n\000s}{section.2.4}% 83
\BOOKMARK [3][-]{subsubsection.2.4.6.1}{\376\377\000O\000b\000j\000e\000c\000t\000i\000f\000s\000\040\000d\000e\000\040\000l\000a\000\040\000p\000h\000a\000s\000e\000\040\000d\000e\000\040\000c\000o\000n\000t\000r\000\364\000l\000e}{subsection.2.4.6}% 84
\BOOKMARK [3][-]{subsubsection.2.4.6.2}{\376\377\000M\000i\000s\000e\000\040\000e\000n\000\040\000p\000l\000a\000c\000e\000\040\000d\000'\000i\000n\000d\000i\000c\000a\000t\000e\000u\000r\000s\000\040\000d\000e\000\040\000p\000e\000r\000f\000o\000r\000m\000a\000n\000c\000e\000\040\000\050\000K\000P\000I\000\051}{subsection.2.4.6}% 85
\BOOKMARK [3][-]{subsubsection.2.4.6.3}{\376\377\000S\000y\000s\000t\000\350\000m\000e\000\040\000d\000e\000\040\000s\000u\000i\000v\000i\000\040\000e\000t\000\040\000d\000e\000\040\000v\000i\000s\000u\000a\000l\000i\000s\000a\000t\000i\000o\000n}{subsection.2.4.6}% 86
\BOOKMARK [3][-]{subsubsection.2.4.6.4}{\376\377\000M\000\351\000c\000a\000n\000i\000s\000m\000e\000s\000\040\000d\000e\000\040\000c\000o\000n\000t\000r\000\364\000l\000e\000\040\000e\000t\000\040\000d\000'\000a\000l\000e\000r\000t\000e}{subsection.2.4.6}% 87
\BOOKMARK [3][-]{subsubsection.2.4.6.5}{\376\377\000S\000t\000a\000n\000d\000a\000r\000d\000i\000s\000a\000t\000i\000o\000n\000\040\000d\000e\000s\000\040\000p\000r\000o\000c\000\351\000d\000u\000r\000e\000s}{subsection.2.4.6}% 88
\BOOKMARK [3][-]{subsubsection.2.4.6.6}{\376\377\000A\000m\000\351\000l\000i\000o\000r\000a\000t\000i\000o\000n\000\040\000c\000o\000n\000t\000i\000n\000u\000e}{subsection.2.4.6}% 89
\BOOKMARK [3][-]{subsubsection.2.4.6.7}{\376\377\000C\000o\000n\000c\000l\000u\000s\000i\000o\000n\000\040\000d\000e\000\040\000l\000a\000\040\000p\000h\000a\000s\000e\000\040\000C\000o\000n\000t\000r\000\364\000l\000e\000r}{subsection.2.4.6}% 90
\BOOKMARK [0][-]{chapter.3}{\376\377\000C\000R\000I\000S\000P\000-\000M\000L\000\050\000Q\000\051\000\040\000p\000h\000a\000s\000e\000s\000\040}{}% 91
\BOOKMARK [1][-]{section.3.1}{\376\377\000I\000n\000t\000r\000o\000d\000u\000c\000t\000i\000o\000n}{chapter.3}% 92
\BOOKMARK [2][-]{subsection.3.1.1}{\376\377\000V\000u\000e\000\040\000d\000'\000e\000n\000s\000e\000m\000b\000l\000e\000\040\000d\000u\000\040\000p\000r\000o\000c\000e\000s\000s\000u\000s\000\040\000C\000R\000I\000S\000P\000-\000M\000L\000\050\000Q\000\051}{section.3.1}% 93
\BOOKMARK [1][-]{section.3.2}{\376\377\000O\000u\000t\000i\000l\000s\000\040\000e\000t\000\040\000b\000i\000b\000l\000i\000o\000t\000h\000\350\000q\000u\000e\000s\000\040\000u\000t\000i\000l\000i\000s\000\351\000s}{chapter.3}% 94
\BOOKMARK [2][-]{subsection.3.2.1}{\376\377\000I\000n\000t\000r\000o\000d\000u\000c\000t\000i\000o\000n}{section.3.2}% 95
\BOOKMARK [2][-]{subsection.3.2.2}{\376\377\000\311\000c\000o\000s\000y\000s\000t\000\350\000m\000e\000\040\000D\000a\000t\000a\000\040\000S\000c\000i\000e\000n\000c\000e\000\040\000e\000t\000\040\000M\000a\000c\000h\000i\000n\000e\000\040\000L\000e\000a\000r\000n\000i\000n\000g}{section.3.2}% 96
\BOOKMARK [3][-]{subsubsection.3.2.2.1}{\376\377\000B\000i\000b\000l\000i\000o\000t\000h\000\350\000q\000u\000e\000s\000\040\000d\000e\000\040\000m\000a\000n\000i\000p\000u\000l\000a\000t\000i\000o\000n\000\040\000d\000e\000\040\000d\000o\000n\000n\000\351\000e\000s}{subsection.3.2.2}% 97
\BOOKMARK [3][-]{subsubsection.3.2.2.2}{\376\377\000B\000i\000b\000l\000i\000o\000t\000h\000\350\000q\000u\000e\000s\000\040\000d\000e\000\040\000M\000a\000c\000h\000i\000n\000e\000\040\000L\000e\000a\000r\000n\000i\000n\000g}{subsection.3.2.2}% 98
\BOOKMARK [3][-]{subsubsection.3.2.2.3}{\376\377\000B\000i\000b\000l\000i\000o\000t\000h\000\350\000q\000u\000e\000s\000\040\000d\000e\000\040\000v\000i\000s\000u\000a\000l\000i\000s\000a\000t\000i\000o\000n}{subsection.3.2.2}% 99
\BOOKMARK [2][-]{subsection.3.2.3}{\376\377\000F\000r\000a\000m\000e\000w\000o\000r\000k\000s\000\040\000d\000e\000\040\000d\000\351\000v\000e\000l\000o\000p\000p\000e\000m\000e\000n\000t}{section.3.2}% 100
\BOOKMARK [3][-]{subsubsection.3.2.3.1}{\376\377\000B\000a\000c\000k\000e\000n\000d\000\040\000e\000t\000\040\000A\000P\000I}{subsection.3.2.3}% 101
\BOOKMARK [3][-]{subsubsection.3.2.3.2}{\376\377\000F\000r\000o\000n\000t\000e\000n\000d\000\040\000e\000t\000\040\000i\000n\000t\000e\000r\000f\000a\000c\000e\000\040\000u\000t\000i\000l\000i\000s\000a\000t\000e\000u\000r}{subsection.3.2.3}% 102
\BOOKMARK [2][-]{subsection.3.2.4}{\376\377\000O\000u\000t\000i\000l\000s\000\040\000d\000'\000o\000p\000t\000i\000m\000i\000s\000a\000t\000i\000o\000n\000\040\000e\000t\000\040\000d\000'\000o\000r\000d\000o\000n\000n\000a\000n\000c\000e\000m\000e\000n\000t}{section.3.2}% 103
\BOOKMARK [2][-]{subsection.3.2.5}{\376\377\000I\000n\000f\000r\000a\000s\000t\000r\000u\000c\000t\000u\000r\000e\000\040\000e\000t\000\040\000D\000e\000v\000O\000p\000s}{section.3.2}% 104
\BOOKMARK [2][-]{subsection.3.2.6}{\376\377\000S\000t\000a\000c\000k\000\040\000t\000e\000c\000h\000n\000o\000l\000o\000g\000i\000q\000u\000e\000\040\000c\000o\000m\000p\000l\000\350\000t\000e}{section.3.2}% 105
\BOOKMARK [2][-]{subsection.3.2.7}{\376\377\000J\000u\000s\000t\000i\000f\000i\000c\000a\000t\000i\000o\000n\000\040\000d\000e\000s\000\040\000c\000h\000o\000i\000x\000\040\000e\000t\000\040\000i\000n\000t\000\351\000g\000r\000a\000t\000i\000o\000n\000\040\000C\000R\000I\000S\000P\000-\000M\000L\000\050\000Q\000\051}{section.3.2}% 106
\BOOKMARK [1][-]{section.3.3}{\376\377\000P\000h\000a\000s\000e\000\040\0001\000\040\000:\000\040\000C\000o\000m\000p\000r\000e\000h\000e\000n\000s\000i\000o\000n\000\040\000m\000e\000t\000i\000e\000r\000\040\000\050\000B\000u\000s\000i\000n\000e\000s\000s\000\040\000U\000n\000d\000e\000r\000s\000t\000a\000n\000d\000i\000n\000g\000\051}{chapter.3}% 107
\BOOKMARK [2][-]{subsection.3.3.1}{\376\377\000C\000o\000n\000t\000e\000x\000t\000e\000\040\000s\000t\000r\000a\000t\000e\000g\000i\000q\000u\000e\000\040\000e\000t\000\040\000e\000n\000j\000e\000u\000x}{section.3.3}% 108
\BOOKMARK [3][-]{subsubsection.3.3.1.1}{\376\377\000C\000o\000n\000t\000e\000x\000t\000e\000\040\000i\000n\000d\000u\000s\000t\000r\000i\000e\000l}{subsection.3.3.1}% 109
\BOOKMARK [2][-]{subsection.3.3.2}{\376\377\000B\000u\000s\000i\000n\000e\000s\000s\000\040\000M\000o\000d\000e\000l\000\040\000C\000a\000n\000v\000a\000s}{section.3.3}% 110
\BOOKMARK [2][-]{subsection.3.3.3}{\376\377\000O\000b\000j\000e\000c\000t\000i\000f\000s\000\040\000m\000e\000t\000i\000e\000r\000\040\000d\000e\000t\000a\000i\000l\000l\000e\000s}{section.3.3}% 111
\BOOKMARK [3][-]{subsubsection.3.3.3.1}{\376\377\000O\000b\000j\000e\000c\000t\000i\000f\000s\000\040\000s\000t\000r\000a\000t\000e\000g\000i\000q\000u\000e\000s}{subsection.3.3.3}% 112
\BOOKMARK [3][-]{subsubsection.3.3.3.2}{\376\377\000O\000b\000j\000e\000c\000t\000i\000f\000s\000\040\000o\000p\000e\000r\000a\000t\000i\000o\000n\000n\000e\000l\000s\000\040\000q\000u\000a\000n\000t\000i\000f\000i\000a\000b\000l\000e\000s}{subsection.3.3.3}% 113
\BOOKMARK [3][-]{subsubsection.3.3.3.3}{\376\377\000O\000b\000j\000e\000c\000t\000i\000f\000s\000\040\000t\000e\000c\000h\000n\000i\000q\000u\000e\000s\000\040\000M\000L}{subsection.3.3.3}% 114
\BOOKMARK [2][-]{subsection.3.3.4}{\376\377\000A\000n\000a\000l\000y\000s\000e\000\040\000a\000p\000p\000r\000o\000f\000o\000n\000d\000i\000e\000\040\000d\000e\000s\000\040\000p\000a\000r\000t\000i\000e\000s\000\040\000p\000r\000e\000n\000a\000n\000t\000e\000s}{section.3.3}% 115
\BOOKMARK [3][-]{subsubsection.3.3.4.1}{\376\377\000M\000a\000t\000r\000i\000c\000e\000\040\000p\000o\000u\000v\000o\000i\000r\000-\000i\000n\000t\000e\000r\000e\000t}{subsection.3.3.4}% 116
\BOOKMARK [3][-]{subsubsection.3.3.4.2}{\376\377\000B\000e\000s\000o\000i\000n\000s\000\040\000d\000e\000t\000a\000i\000l\000l\000e\000s\000\040\000p\000a\000r\000\040\000p\000r\000o\000f\000i\000l\000\040\000u\000t\000i\000l\000i\000s\000a\000t\000e\000u\000r}{subsection.3.3.4}% 117
\BOOKMARK [2][-]{subsection.3.3.5}{\376\377\000A\000n\000a\000l\000y\000s\000e\000\040\000d\000e\000s\000\040\000p\000r\000o\000c\000e\000s\000s\000u\000s\000\040\000m\000e\000t\000i\000e\000r}{section.3.3}% 118
\BOOKMARK [3][-]{subsubsection.3.3.5.1}{\376\377\000C\000a\000r\000t\000o\000g\000r\000a\000p\000h\000i\000e\000\040\000d\000u\000\040\000p\000r\000o\000c\000e\000s\000s\000u\000s\000\040\000a\000c\000t\000u\000e\000l\000\040\000\050\000A\000S\000-\000I\000S\000\051}{subsection.3.3.5}% 119
\BOOKMARK [3][-]{subsubsection.3.3.5.2}{\376\377\000P\000r\000o\000c\000e\000s\000s\000u\000s\000\040\000c\000i\000b\000l\000e\000\040\000o\000p\000t\000i\000m\000i\000s\000e\000\040\000\050\000T\000O\000-\000B\000E\000\051}{subsection.3.3.5}% 120
\BOOKMARK [2][-]{subsection.3.3.6}{\376\377\000A\000n\000a\000l\000y\000s\000e\000\040\000d\000e\000s\000\040\000r\000i\000s\000q\000u\000e\000s\000\040\000m\000e\000t\000i\000e\000r}{section.3.3}% 121
\BOOKMARK [3][-]{subsubsection.3.3.6.1}{\376\377\000R\000e\000g\000i\000s\000t\000r\000e\000\040\000d\000e\000s\000\040\000r\000i\000s\000q\000u\000e\000s}{subsection.3.3.6}% 122
\BOOKMARK [3][-]{subsubsection.3.3.6.2}{\376\377\000P\000l\000a\000n\000\040\000d\000e\000\040\000m\000i\000t\000i\000g\000a\000t\000i\000o\000n\000\040\000d\000e\000s\000\040\000r\000i\000s\000q\000u\000e\000s\000\040\000c\000r\000i\000t\000i\000q\000u\000e\000s}{subsection.3.3.6}% 123
\BOOKMARK [2][-]{subsection.3.3.7}{\376\377\000C\000r\000i\000t\000e\000r\000e\000s\000\040\000d\000e\000\040\000s\000u\000c\000c\000e\000s\000\040\000e\000t\000\040\000m\000e\000t\000r\000i\000q\000u\000e\000s\000\040\000d\000e\000\040\000p\000e\000r\000f\000o\000r\000m\000a\000n\000c\000e}{section.3.3}% 124
\BOOKMARK [3][-]{subsubsection.3.3.7.1}{\376\377\000C\000r\000i\000t\000e\000r\000e\000s\000\040\000t\000e\000c\000h\000n\000i\000q\000u\000e\000s\000\040\000M\000L}{subsection.3.3.7}% 125
\BOOKMARK [3][-]{subsubsection.3.3.7.2}{\376\377\000C\000r\000i\000t\000e\000r\000e\000s\000\040\000m\000e\000t\000i\000e\000r\000\040\000o\000p\000e\000r\000a\000t\000i\000o\000n\000n\000e\000l\000s}{subsection.3.3.7}% 126
\BOOKMARK [3][-]{subsubsection.3.3.7.3}{\376\377\000C\000r\000i\000t\000e\000r\000e\000s\000\040\000d\000e\000\040\000q\000u\000a\000l\000i\000t\000e\000\040\000l\000o\000g\000i\000c\000i\000e\000l\000l\000e}{subsection.3.3.7}% 127
\BOOKMARK [3][-]{subsubsection.3.3.7.4}{\376\377\000C\000r\000i\000t\000e\000r\000e\000s\000\040\000f\000i\000n\000a\000n\000c\000i\000e\000r\000s}{subsection.3.3.7}% 128
\BOOKMARK [2][-]{subsection.3.3.8}{\376\377\000C\000o\000n\000t\000r\000a\000i\000n\000t\000e\000s\000\040\000e\000t\000\040\000h\000y\000p\000o\000t\000h\000e\000s\000e\000s\000\040\000d\000u\000\040\000p\000r\000o\000j\000e\000t}{section.3.3}% 129
\BOOKMARK [3][-]{subsubsection.3.3.8.1}{\376\377\000C\000o\000n\000t\000r\000a\000i\000n\000t\000e\000s\000\040\000i\000d\000e\000n\000t\000i\000f\000i\000e\000e\000s}{subsection.3.3.8}% 130
\BOOKMARK [3][-]{subsubsection.3.3.8.2}{\376\377\000H\000y\000p\000o\000t\000h\000e\000s\000e\000s\000\040\000d\000u\000\040\000p\000r\000o\000j\000e\000t}{subsection.3.3.8}% 131
\BOOKMARK [2][-]{subsection.3.3.9}{\376\377\000S\000y\000n\000t\000h\000e\000s\000e\000\040\000d\000e\000\040\000l\000a\000\040\000p\000h\000a\000s\000e\000\040\000B\000u\000s\000i\000n\000e\000s\000s\000\040\000U\000n\000d\000e\000r\000s\000t\000a\000n\000d\000i\000n\000g}{section.3.3}% 132
\BOOKMARK [1][-]{section.3.4}{\376\377\000P\000h\000a\000s\000e\000\040\0002\000\040\000:\000\040\000C\000o\000m\000p\000r\000e\000h\000e\000n\000s\000i\000o\000n\000\040\000d\000e\000s\000\040\000d\000o\000n\000n\000e\000e\000s\000\040\000\050\000D\000a\000t\000a\000\040\000U\000n\000d\000e\000r\000s\000t\000a\000n\000d\000i\000n\000g\000\051}{chapter.3}% 133
\BOOKMARK [2][-]{subsection.3.4.1}{\376\377\000O\000b\000j\000e\000c\000t\000i\000f\000s\000\040\000d\000e\000\040\000l\000a\000\040\000p\000h\000a\000s\000e\000\040\000D\000a\000t\000a\000\040\000U\000n\000d\000e\000r\000s\000t\000a\000n\000d\000i\000n\000g}{section.3.4}% 134
\BOOKMARK [2][-]{subsection.3.4.2}{\376\377\000I\000n\000v\000e\000n\000t\000a\000i\000r\000e\000\040\000e\000t\000\040\000c\000o\000l\000l\000e\000c\000t\000e\000\040\000d\000e\000s\000\040\000d\000o\000n\000n\000e\000e\000s}{section.3.4}% 135
\BOOKMARK [3][-]{subsubsection.3.4.2.1}{\376\377\000S\000o\000u\000r\000c\000e\000s\000\040\000d\000e\000\040\000d\000o\000n\000n\000e\000e\000s\000\040\000i\000d\000e\000n\000t\000i\000f\000i\000e\000e\000s}{subsection.3.4.2}% 136
\BOOKMARK [3][-]{subsubsection.3.4.2.2}{\376\377\000C\000a\000r\000a\000c\000t\000e\000r\000i\000s\000t\000i\000q\000u\000e\000s\000\040\000d\000e\000s\000\040\000s\000o\000u\000r\000c\000e\000s\000\040\000d\000e\000\040\000d\000o\000n\000n\000e\000e\000s}{subsection.3.4.2}% 137
\BOOKMARK [3][-]{subsubsection.3.4.2.3}{\376\377\000D\000a\000t\000a\000s\000e\000t\000\040\000p\000r\000i\000n\000c\000i\000p\000a\000l\000\040\000:\000\040\000P\000S\000C\000\137\000X\000\137\0001\000\040\000-\000\040\000C\000O\000U\000P\000E\000.\000c\000s\000v}{subsection.3.4.2}% 138
\BOOKMARK [2][-]{subsection.3.4.3}{\376\377\000D\000i\000c\000t\000i\000o\000n\000n\000a\000i\000r\000e\000\040\000d\000e\000\040\000d\000o\000n\000n\000e\000e\000s}{section.3.4}% 139
\BOOKMARK [2][-]{subsection.3.4.4}{\376\377\000E\000x\000p\000l\000o\000r\000a\000t\000i\000o\000n\000\040\000d\000e\000s\000\040\000d\000o\000n\000n\000e\000e\000s}{section.3.4}% 140
\BOOKMARK [3][-]{subsubsection.3.4.4.1}{\376\377\000A\000n\000a\000l\000y\000s\000e\000\040\000d\000u\000\040\000d\000a\000t\000a\000s\000e\000t\000\040\000p\000r\000i\000n\000c\000i\000p\000a\000l}{subsection.3.4.4}% 141
\BOOKMARK [3][-]{subsubsection.3.4.4.2}{\376\377\000V\000a\000r\000i\000a\000b\000l\000e\000s\000\040\000d\000'\000i\000n\000t\000e\000r\000e\000t}{subsection.3.4.4}% 142
\BOOKMARK [2][-]{subsection.3.4.5}{\376\377\000A\000n\000a\000l\000y\000s\000e\000\040\000d\000e\000\040\000l\000a\000\040\000q\000u\000a\000l\000i\000t\000e\000\040\000d\000e\000s\000\040\000d\000o\000n\000n\000e\000e\000s}{section.3.4}% 143
\BOOKMARK [3][-]{subsubsection.3.4.5.1}{\376\377\000V\000a\000l\000e\000u\000r\000s\000\040\000m\000a\000n\000q\000u\000a\000n\000t\000e\000s}{subsection.3.4.5}% 144
\BOOKMARK [3][-]{subsubsection.3.4.5.2}{\376\377\000V\000a\000l\000e\000u\000r\000s\000\040\000a\000b\000e\000r\000r\000a\000n\000t\000e\000s}{subsection.3.4.5}% 145
\BOOKMARK [3][-]{subsubsection.3.4.5.3}{\376\377\000C\000o\000h\000e\000r\000e\000n\000c\000e\000\040\000d\000e\000s\000\040\000d\000o\000n\000n\000e\000e\000s}{subsection.3.4.5}% 146
\BOOKMARK [2][-]{subsection.3.4.6}{\376\377\000A\000n\000a\000l\000y\000s\000e\000\040\000e\000x\000p\000l\000o\000r\000a\000t\000o\000i\000r\000e\000\040\000d\000e\000s\000\040\000d\000o\000n\000n\000e\000e\000s}{section.3.4}% 147
\BOOKMARK [3][-]{subsubsection.3.4.6.1}{\376\377\000D\000i\000s\000t\000r\000i\000b\000u\000t\000i\000o\000n\000\040\000d\000e\000s\000\040\000v\000a\000r\000i\000a\000b\000l\000e\000s}{subsection.3.4.6}% 148
\BOOKMARK [3][-]{subsubsection.3.4.6.2}{\376\377\000C\000o\000r\000r\000e\000l\000a\000t\000i\000o\000n\000s}{subsection.3.4.6}% 149
\BOOKMARK [3][-]{subsubsection.3.4.6.3}{\376\377\000P\000a\000t\000t\000e\000r\000n\000s\000\040\000t\000e\000m\000p\000o\000r\000e\000l\000s}{subsection.3.4.6}% 150
\BOOKMARK [1][-]{section.3.5}{\376\377\000P\000h\000a\000s\000e\000\040\0003\000\040\000:\000\040\000P\000r\000e\000p\000a\000r\000a\000t\000i\000o\000n\000\040\000d\000e\000s\000\040\000d\000o\000n\000n\000e\000e\000s\000\040\000\050\000D\000a\000t\000a\000\040\000P\000r\000e\000p\000a\000r\000a\000t\000i\000o\000n\000\051}{chapter.3}% 151
\BOOKMARK [2][-]{subsection.3.5.1}{\376\377\000O\000b\000j\000e\000c\000t\000i\000f\000s\000\040\000d\000e\000\040\000l\000a\000\040\000p\000h\000a\000s\000e\000\040\000D\000a\000t\000a\000\040\000P\000r\000e\000p\000a\000r\000a\000t\000i\000o\000n}{section.3.5}% 152
\BOOKMARK [2][-]{subsection.3.5.2}{\376\377\000N\000e\000t\000t\000o\000y\000a\000g\000e\000\040\000d\000e\000s\000\040\000d\000o\000n\000n\000e\000e\000s}{section.3.5}% 153
\BOOKMARK [3][-]{subsubsection.3.5.2.1}{\376\377\000T\000r\000a\000i\000t\000e\000m\000e\000n\000t\000\040\000d\000e\000s\000\040\000v\000a\000l\000e\000u\000r\000s\000\040\000m\000a\000n\000q\000u\000a\000n\000t\000e\000s}{subsection.3.5.2}% 154
\BOOKMARK [3][-]{subsubsection.3.5.2.2}{\376\377\000T\000r\000a\000i\000t\000e\000m\000e\000n\000t\000\040\000d\000e\000s\000\040\000v\000a\000l\000e\000u\000r\000s\000\040\000a\000b\000e\000r\000r\000a\000n\000t\000e\000s}{subsection.3.5.2}% 155
\BOOKMARK [3][-]{subsubsection.3.5.2.3}{\376\377\000S\000t\000a\000n\000d\000a\000r\000d\000i\000s\000a\000t\000i\000o\000n\000\040\000d\000e\000s\000\040\000f\000o\000r\000m\000a\000t\000s}{subsection.3.5.2}% 156
\BOOKMARK [3][-]{subsubsection.3.5.2.4}{\376\377\000V\000a\000l\000i\000d\000a\000t\000i\000o\000n\000\040\000d\000e\000\040\000l\000a\000\040\000c\000o\000h\000e\000r\000e\000n\000c\000e}{subsection.3.5.2}% 157
\BOOKMARK [2][-]{subsection.3.5.3}{\376\377\000I\000n\000g\000e\000n\000i\000e\000r\000i\000e\000\040\000d\000e\000s\000\040\000c\000a\000r\000a\000c\000t\000e\000r\000i\000s\000t\000i\000q\000u\000e\000s\000\040\000\050\000F\000e\000a\000t\000u\000r\000e\000\040\000E\000n\000g\000i\000n\000e\000e\000r\000i\000n\000g\000\051}{section.3.5}% 158
\BOOKMARK [3][-]{subsubsection.3.5.3.1}{\376\377\000S\000t\000r\000a\000t\000e\000g\000i\000e\000\040\000d\000e\000\040\000f\000e\000a\000t\000u\000r\000e\000\040\000e\000n\000g\000i\000n\000e\000e\000r\000i\000n\000g}{subsection.3.5.3}% 159
\BOOKMARK [3][-]{subsubsection.3.5.3.2}{\376\377\000W\000o\000r\000k\000f\000l\000o\000w\000\040\000d\000e\000\040\000f\000e\000a\000t\000u\000r\000e\000\040\000e\000n\000g\000i\000n\000e\000e\000r\000i\000n\000g}{subsection.3.5.3}% 160
\BOOKMARK [3][-]{subsubsection.3.5.3.3}{\376\377\000F\000e\000a\000t\000u\000r\000e\000s\000\040\000t\000e\000m\000p\000o\000r\000e\000l\000l\000e\000s}{subsection.3.5.3}% 161
\BOOKMARK [3][-]{subsubsection.3.5.3.4}{\376\377\000F\000e\000a\000t\000u\000r\000e\000s\000\040\000d\000e\000r\000i\000v\000e\000e\000s\000\040\000\050\000d\000o\000m\000a\000i\000n\000e\000\040\000m\000e\000t\000i\000e\000r\000\051}{subsection.3.5.3}% 162
\BOOKMARK [3][-]{subsubsection.3.5.3.5}{\376\377\000E\000n\000c\000o\000d\000a\000g\000e\000\040\000d\000e\000s\000\040\000v\000a\000r\000i\000a\000b\000l\000e\000s\000\040\000c\000a\000t\000e\000g\000o\000r\000i\000e\000l\000l\000e\000s}{subsection.3.5.3}% 163
\BOOKMARK [3][-]{subsubsection.3.5.3.6}{\376\377\000N\000o\000r\000m\000a\000l\000i\000s\000a\000t\000i\000o\000n\000\040\000e\000t\000\040\000s\000t\000a\000n\000d\000a\000r\000d\000i\000s\000a\000t\000i\000o\000n}{subsection.3.5.3}% 164
\BOOKMARK [3][-]{subsubsection.3.5.3.7}{\376\377\000S\000e\000l\000e\000c\000t\000i\000o\000n\000\040\000d\000e\000\040\000f\000e\000a\000t\000u\000r\000e\000s}{subsection.3.5.3}% 165
\BOOKMARK [2][-]{subsection.3.5.4}{\376\377\000S\000e\000g\000m\000e\000n\000t\000a\000t\000i\000o\000n\000\040\000d\000e\000s\000\040\000d\000o\000n\000n\000e\000e\000s}{section.3.5}% 166
\BOOKMARK [3][-]{subsubsection.3.5.4.1}{\376\377\000D\000i\000v\000i\000s\000i\000o\000n\000\040\000t\000e\000m\000p\000o\000r\000e\000l\000l\000e}{subsection.3.5.4}% 167
\BOOKMARK [3][-]{subsubsection.3.5.4.2}{\376\377\000S\000t\000r\000a\000t\000i\000f\000i\000c\000a\000t\000i\000o\000n}{subsection.3.5.4}% 168
\BOOKMARK [2][-]{subsection.3.5.5}{\376\377\000V\000a\000l\000i\000d\000a\000t\000i\000o\000n\000\040\000d\000e\000\040\000l\000a\000\040\000p\000r\000e\000p\000a\000r\000a\000t\000i\000o\000n}{section.3.5}% 169
\BOOKMARK [3][-]{subsubsection.3.5.5.1}{\376\377\000M\000e\000t\000r\000i\000q\000u\000e\000s\000\040\000d\000e\000\040\000q\000u\000a\000l\000i\000t\000e}{subsection.3.5.5}% 170
\BOOKMARK [3][-]{subsubsection.3.5.5.2}{\376\377\000T\000e\000s\000t\000s\000\040\000d\000e\000\040\000r\000e\000g\000r\000e\000s\000s\000i\000o\000n}{subsection.3.5.5}% 171
\BOOKMARK [2][-]{subsection.3.5.6}{\376\377\000P\000i\000p\000e\000l\000i\000n\000e\000\040\000d\000e\000\040\000d\000o\000n\000n\000e\000e\000s}{section.3.5}% 172
\BOOKMARK [3][-]{subsubsection.3.5.6.1}{\376\377\000A\000r\000c\000h\000i\000t\000e\000c\000t\000u\000r\000e\000\040\000d\000u\000\040\000p\000i\000p\000e\000l\000i\000n\000e}{subsection.3.5.6}% 173
\BOOKMARK [3][-]{subsubsection.3.5.6.2}{\376\377\000C\000o\000m\000p\000o\000s\000a\000n\000t\000s\000\040\000d\000u\000\040\000p\000i\000p\000e\000l\000i\000n\000e}{subsection.3.5.6}% 174
\BOOKMARK [3][-]{subsubsection.3.5.6.3}{\376\377\000A\000r\000c\000h\000i\000t\000e\000c\000t\000u\000r\000e\000\040\000d\000u\000\040\000p\000i\000p\000e\000l\000i\000n\000e\000\040\000d\000e\000\040\000d\000o\000n\000n\000e\000e\000s}{subsection.3.5.6}% 175
\BOOKMARK [3][-]{subsubsection.3.5.6.4}{\376\377\000O\000r\000c\000h\000e\000s\000t\000r\000a\000t\000i\000o\000n}{subsection.3.5.6}% 176
\BOOKMARK [1][-]{section.3.6}{\376\377\000P\000h\000a\000s\000e\000\040\0003\000\040\000\050\000s\000u\000i\000t\000e\000\051\000\040\000:\000\040\000C\000a\000d\000r\000e\000\040\000d\000'\000a\000s\000s\000u\000r\000a\000n\000c\000e\000\040\000q\000u\000a\000l\000i\000t\000e}{chapter.3}% 177
\BOOKMARK [2][-]{subsection.3.6.1}{\376\377\000I\000n\000t\000r\000o\000d\000u\000c\000t\000i\000o\000n\000\040\000a\000u\000\040\000c\000a\000d\000r\000e\000\040\000q\000u\000a\000l\000i\000t\000e\000\040\000C\000R\000I\000S\000P\000-\000M\000L\000\050\000Q\000\051}{section.3.6}% 178
\BOOKMARK [3][-]{subsubsection.3.6.1.1}{\376\377\000F\000r\000a\000m\000e\000w\000o\000r\000k\000\040\000d\000'\000a\000s\000s\000u\000r\000a\000n\000c\000e\000\040\000q\000u\000a\000l\000i\000t\000e}{subsection.3.6.1}% 179
\BOOKMARK [2][-]{subsection.3.6.2}{\376\377\000M\000e\000t\000r\000i\000q\000u\000e\000s\000\040\000d\000e\000\040\000q\000u\000a\000l\000i\000t\000e\000\040\000d\000e\000s\000\040\000d\000o\000n\000n\000e\000e\000s}{section.3.6}% 180
\BOOKMARK [3][-]{subsubsection.3.6.2.1}{\376\377\000F\000r\000a\000m\000e\000w\000o\000r\000k\000\040\000d\000e\000\040\000q\000u\000a\000l\000i\000t\000e\000\040\000d\000e\000s\000\040\000d\000o\000n\000n\000e\000e\000s}{subsection.3.6.2}% 181
\BOOKMARK [3][-]{subsubsection.3.6.2.2}{\376\377\000T\000e\000s\000t\000s\000\040\000d\000e\000\040\000q\000u\000a\000l\000i\000t\000e\000\040\000a\000u\000t\000o\000m\000a\000t\000i\000s\000e\000s}{subsection.3.6.2}% 182
\BOOKMARK [3][-]{subsubsection.3.6.2.3}{\376\377\000M\000o\000n\000i\000t\000o\000r\000i\000n\000g\000\040\000d\000e\000\040\000l\000a\000\040\000q\000u\000a\000l\000i\000t\000e\000\040\000d\000e\000s\000\040\000d\000o\000n\000n\000e\000e\000s}{subsection.3.6.2}% 183
\BOOKMARK [2][-]{subsection.3.6.3}{\376\377\000P\000o\000r\000t\000e\000s\000\040\000d\000e\000\040\000q\000u\000a\000l\000i\000t\000e\000\040\000d\000e\000s\000\040\000m\000o\000d\000e\000l\000e\000s\000\040\000\050\000Q\000u\000a\000l\000i\000t\000y\000\040\000G\000a\000t\000e\000s\000\051}{section.3.6}% 184
\BOOKMARK [3][-]{subsubsection.3.6.3.1}{\376\377\000F\000r\000a\000m\000e\000w\000o\000r\000k\000\040\000d\000e\000\040\000v\000a\000l\000i\000d\000a\000t\000i\000o\000n\000\040\000m\000u\000l\000t\000i\000-\000n\000i\000v\000e\000a\000u\000x}{subsection.3.6.3}% 185
\BOOKMARK [3][-]{subsubsection.3.6.3.2}{\376\377\000M\000a\000t\000r\000i\000c\000e\000\040\000d\000e\000\040\000v\000a\000l\000i\000d\000a\000t\000i\000o\000n\000\040\000d\000e\000s\000\040\000m\000o\000d\000e\000l\000e\000s}{subsection.3.6.3}% 186
\BOOKMARK [3][-]{subsubsection.3.6.3.3}{\376\377\000T\000e\000s\000t\000s\000\040\000d\000e\000\040\000r\000o\000b\000u\000s\000t\000e\000s\000s\000e}{subsection.3.6.3}% 187
\BOOKMARK [2][-]{subsection.3.6.4}{\376\377\000F\000r\000a\000m\000e\000w\000o\000r\000k\000\040\000d\000e\000\040\000m\000o\000n\000i\000t\000o\000r\000i\000n\000g\000\040\000e\000n\000\040\000p\000r\000o\000d\000u\000c\000t\000i\000o\000n}{section.3.6}% 188
\BOOKMARK [3][-]{subsubsection.3.6.4.1}{\376\377\000A\000r\000c\000h\000i\000t\000e\000c\000t\000u\000r\000e\000\040\000d\000e\000\040\000m\000o\000n\000i\000t\000o\000r\000i\000n\000g}{subsection.3.6.4}% 189
\BOOKMARK [3][-]{subsubsection.3.6.4.2}{\376\377\000D\000a\000s\000h\000b\000o\000a\000r\000d\000s\000\040\000d\000e\000\040\000m\000o\000n\000i\000t\000o\000r\000i\000n\000g}{subsection.3.6.4}% 190
\BOOKMARK [3][-]{subsubsection.3.6.4.3}{\376\377\000S\000y\000s\000t\000e\000m\000e\000\040\000d\000'\000a\000l\000e\000r\000t\000e\000s\000\040\000i\000n\000t\000e\000l\000l\000i\000g\000e\000n\000t}{subsection.3.6.4}% 191
\BOOKMARK [2][-]{subsection.3.6.5}{\376\377\000S\000t\000r\000a\000t\000e\000g\000i\000e\000\040\000d\000e\000\040\000t\000e\000s\000t\000s\000\040\000A\000/\000B}{section.3.6}% 192
\BOOKMARK [3][-]{subsubsection.3.6.5.1}{\376\377\000F\000r\000a\000m\000e\000w\000o\000r\000k\000\040\000d\000e\000\040\000t\000e\000s\000t\000s\000\040\000A\000/\000B}{subsection.3.6.5}% 193
\BOOKMARK [3][-]{subsubsection.3.6.5.2}{\376\377\000D\000e\000p\000l\000o\000i\000e\000m\000e\000n\000t\000\040\000c\000a\000n\000a\000r\000y}{subsection.3.6.5}% 194
\BOOKMARK [2][-]{subsection.3.6.6}{\376\377\000G\000o\000u\000v\000e\000r\000n\000a\000n\000c\000e\000\040\000d\000e\000s\000\040\000m\000o\000d\000e\000l\000e\000s\000\040\000M\000L}{section.3.6}% 195
\BOOKMARK [3][-]{subsubsection.3.6.6.1}{\376\377\000C\000y\000c\000l\000e\000\040\000d\000e\000\040\000v\000i\000e\000\040\000d\000e\000s\000\040\000m\000o\000d\000e\000l\000e\000s}{subsection.3.6.6}% 196
\BOOKMARK [3][-]{subsubsection.3.6.6.2}{\376\377\000R\000e\000g\000i\000s\000t\000r\000e\000\040\000d\000e\000s\000\040\000m\000o\000d\000e\000l\000e\000s}{subsection.3.6.6}% 197
\BOOKMARK [3][-]{subsubsection.3.6.6.3}{\376\377\000D\000o\000c\000u\000m\000e\000n\000t\000a\000t\000i\000o\000n\000\040\000e\000t\000\040\000t\000r\000a\000c\000a\000b\000i\000l\000i\000t\000e}{subsection.3.6.6}% 198
\BOOKMARK [2][-]{subsection.3.6.7}{\376\377\000S\000y\000n\000t\000h\000e\000s\000e\000\040\000d\000u\000\040\000c\000a\000d\000r\000e\000\040\000q\000u\000a\000l\000i\000t\000e}{section.3.6}% 199
\BOOKMARK [1][-]{section.3.7}{\376\377\000S\000y\000n\000t\000h\000e\000s\000e\000\040\000e\000t\000\040\000p\000e\000r\000s\000p\000e\000c\000t\000i\000v\000e\000s}{chapter.3}% 200
\BOOKMARK [2][-]{subsection.3.7.1}{\376\377\000B\000i\000l\000a\000n\000\040\000d\000e\000s\000\040\000p\000h\000a\000s\000e\000s\000\040\0001\000-\0003}{section.3.7}% 201
\BOOKMARK [2][-]{subsection.3.7.2}{\376\377\000P\000r\000e\000p\000a\000r\000a\000t\000i\000o\000n\000\040\000a\000u\000x\000\040\000p\000h\000a\000s\000e\000s\000\040\000s\000u\000i\000v\000a\000n\000t\000e\000s}{section.3.7}% 202
\BOOKMARK [2][-]{subsection.3.7.3}{\376\377\000R\000i\000s\000q\000u\000e\000s\000\040\000i\000d\000e\000n\000t\000i\000f\000i\000e\000s\000\040\000e\000t\000\040\000m\000i\000t\000i\000g\000a\000t\000i\000o\000n\000s}{section.3.7}% 203
\BOOKMARK [0][-]{chapter.4}{\376\377\000M\000o\000d\000e\000l\000i\000n\000g\000,\000\040\000E\000v\000a\000l\000u\000a\000t\000i\000o\000n\000,\000\040\000D\000e\000p\000l\000o\000y\000m\000e\000n\000t\000\040\000\050\000M\000L\000O\000p\000s\000\051}{}% 204
\BOOKMARK [1][-]{section.4.1}{\376\377\000I\000n\000t\000r\000o\000d\000u\000c\000t\000i\000o\000n}{chapter.4}% 205
\BOOKMARK [1][-]{section.4.2}{\376\377\000P\000h\000a\000s\000e\000\040\0004\000\040\000:\000\040\000M\000o\000d\000\351\000l\000i\000s\000a\000t\000i\000o\000n\000\040\000\050\000M\000o\000d\000e\000l\000i\000n\000g\000\051}{chapter.4}% 206
\BOOKMARK [2][-]{subsection.4.2.1}{\376\377\000S\000\351\000l\000e\000c\000t\000i\000o\000n\000\040\000d\000e\000s\000\040\000t\000e\000c\000h\000n\000i\000q\000u\000e\000s\000\040\000d\000e\000\040\000m\000o\000d\000\351\000l\000i\000s\000a\000t\000i\000o\000n}{section.4.2}% 207
\BOOKMARK [3][-]{subsubsection.4.2.1.1}{\376\377\000M\000o\000d\000\350\000l\000e\000\040\000d\000e\000\040\000p\000r\000\351\000d\000i\000c\000t\000i\000o\000n\000\040\000d\000u\000\040\000t\000e\000m\000p\000s}{subsection.4.2.1}% 208
\BOOKMARK [3][-]{subsubsection.4.2.1.2}{\376\377\000J\000u\000s\000t\000i\000f\000i\000c\000a\000t\000i\000o\000n\000\040\000d\000u\000\040\000c\000h\000o\000i\000x\000\040\000:\000\040\000X\000G\000B\000o\000o\000s\000t}{subsection.4.2.1}% 209
\BOOKMARK [3][-]{subsubsection.4.2.1.3}{\376\377\000F\000o\000r\000m\000u\000l\000a\000t\000i\000o\000n\000\040\000m\000a\000t\000h\000\351\000m\000a\000t\000i\000q\000u\000e\000\040\000d\000e\000\040\000X\000G\000B\000o\000o\000s\000t}{subsection.4.2.1}% 210
\BOOKMARK [3][-]{subsubsection.4.2.1.4}{\376\377\000H\000y\000p\000e\000r\000p\000a\000r\000a\000m\000\350\000t\000r\000e\000s\000\040\000o\000p\000t\000i\000m\000i\000s\000\351\000s}{subsection.4.2.1}% 211
\BOOKMARK [3][-]{subsubsection.4.2.1.5}{\376\377\000C\000o\000m\000p\000l\000e\000x\000i\000t\000\351\000\040\000a\000l\000g\000o\000r\000i\000t\000h\000m\000i\000q\000u\000e}{subsection.4.2.1}% 212
\BOOKMARK [3][-]{subsubsection.4.2.1.6}{\376\377\000M\000o\000d\000\350\000l\000e\000\040\000d\000'\000o\000p\000t\000i\000m\000i\000s\000a\000t\000i\000o\000n\000\040\000d\000e\000\040\000l\000a\000\040\000p\000l\000a\000n\000i\000f\000i\000c\000a\000t\000i\000o\000n}{subsection.4.2.1}% 213
\BOOKMARK [2][-]{subsection.4.2.2}{\376\377\000I\000n\000g\000\351\000n\000i\000e\000r\000i\000e\000\040\000d\000e\000s\000\040\000c\000a\000r\000a\000c\000t\000\351\000r\000i\000s\000t\000i\000q\000u\000e\000s\000\040\000a\000v\000a\000n\000c\000\351\000e\000s}{section.4.2}% 214
\BOOKMARK [3][-]{subsubsection.4.2.2.1}{\376\377\000F\000e\000a\000t\000u\000r\000e\000s\000\040\000t\000e\000m\000p\000o\000r\000e\000l\000l\000e\000s}{subsection.4.2.2}% 215
\BOOKMARK [3][-]{subsubsection.4.2.2.2}{\376\377\000F\000e\000a\000t\000u\000r\000e\000s\000\040\000d\000'\000i\000n\000t\000e\000r\000a\000c\000t\000i\000o\000n}{subsection.4.2.2}% 216
\BOOKMARK [3][-]{subsubsection.4.2.2.3}{\376\377\000F\000e\000a\000t\000u\000r\000e\000s\000\040\000d\000e\000\040\000c\000o\000n\000t\000e\000x\000t\000e}{subsection.4.2.2}% 217
\BOOKMARK [2][-]{subsection.4.2.3}{\376\377\000V\000a\000l\000i\000d\000a\000t\000i\000o\000n\000\040\000e\000t\000\040\000s\000\351\000l\000e\000c\000t\000i\000o\000n\000\040\000d\000e\000\040\000m\000o\000d\000\350\000l\000e\000s}{section.4.2}% 218
\BOOKMARK [3][-]{subsubsection.4.2.3.1}{\376\377\000S\000t\000r\000a\000t\000\351\000g\000i\000e\000\040\000d\000e\000\040\000v\000a\000l\000i\000d\000a\000t\000i\000o\000n}{subsection.4.2.3}% 219
\BOOKMARK [3][-]{subsubsection.4.2.3.2}{\376\377\000S\000\351\000l\000e\000c\000t\000i\000o\000n\000\040\000d\000e\000s\000\040\000h\000y\000p\000e\000r\000p\000a\000r\000a\000m\000\350\000t\000r\000e\000s}{subsection.4.2.3}% 220
\BOOKMARK [1][-]{section.4.3}{\376\377\000I\000m\000p\000l\000\351\000m\000e\000n\000t\000a\000t\000i\000o\000n\000\040\000d\000e\000s\000\040\000m\000o\000d\000\350\000l\000e\000s}{chapter.4}% 221
\BOOKMARK [2][-]{subsection.4.3.1}{\376\377\000M\000o\000d\000\350\000l\000e\000\040\000d\000e\000\040\000p\000r\000\351\000d\000i\000c\000t\000i\000o\000n\000\040\000d\000u\000\040\000t\000e\000m\000p\000s\000\040\000\050\000T\000i\000m\000e\000\040\000P\000r\000e\000d\000i\000c\000t\000o\000r\000\051}{section.4.3}% 222
\BOOKMARK [3][-]{subsubsection.4.3.1.1}{\376\377\000A\000r\000c\000h\000i\000t\000e\000c\000t\000u\000r\000e\000\040\000d\000u\000\040\000m\000o\000d\000\350\000l\000e}{subsection.4.3.1}% 223
\BOOKMARK [3][-]{subsubsection.4.3.1.2}{\376\377\000C\000a\000r\000a\000c\000t\000\351\000r\000i\000s\000t\000i\000q\000u\000e\000s\000\040\000d\000u\000\040\000m\000o\000d\000\350\000l\000e\000\040\000f\000i\000n\000a\000l}{subsection.4.3.1}% 224
\BOOKMARK [2][-]{subsection.4.3.2}{\376\377\000M\000o\000d\000\350\000l\000e\000\040\000d\000'\000o\000p\000t\000i\000m\000i\000s\000a\000t\000i\000o\000n\000\040\000d\000e\000\040\000l\000a\000\040\000p\000l\000a\000n\000i\000f\000i\000c\000a\000t\000i\000o\000n\000\040\000\050\000S\000c\000h\000e\000d\000u\000l\000e\000r\000\051}{section.4.3}% 225
\BOOKMARK [3][-]{subsubsection.4.3.2.1}{\376\377\000F\000o\000r\000m\000u\000l\000a\000t\000i\000o\000n\000\040\000d\000u\000\040\000p\000r\000o\000b\000l\000\350\000m\000e}{subsection.4.3.2}% 226
\BOOKMARK [3][-]{subsubsection.4.3.2.2}{\376\377\000A\000l\000g\000o\000r\000i\000t\000h\000m\000e\000\040\000d\000'\000o\000p\000t\000i\000m\000i\000s\000a\000t\000i\000o\000n}{subsection.4.3.2}% 227
\BOOKMARK [3][-]{subsubsection.4.3.2.3}{\376\377\000M\000\351\000t\000r\000i\000q\000u\000e\000s\000\040\000d\000'\000o\000p\000t\000i\000m\000i\000s\000a\000t\000i\000o\000n}{subsection.4.3.2}% 228
\BOOKMARK [1][-]{section.4.4}{\376\377\000P\000h\000a\000s\000e\000\040\0005\000\040\000:\000\040\000\311\000v\000a\000l\000u\000a\000t\000i\000o\000n\000\040\000\050\000E\000v\000a\000l\000u\000a\000t\000i\000o\000n\000\051}{chapter.4}% 229
\BOOKMARK [2][-]{subsection.4.4.1}{\376\377\000\311\000v\000a\000l\000u\000a\000t\000i\000o\000n\000\040\000d\000u\000\040\000m\000o\000d\000\350\000l\000e\000\040\000d\000e\000\040\000p\000r\000\351\000d\000i\000c\000t\000i\000o\000n}{section.4.4}% 230
\BOOKMARK [3][-]{subsubsection.4.4.1.1}{\376\377\000M\000\351\000t\000r\000i\000q\000u\000e\000s\000\040\000d\000e\000\040\000p\000e\000r\000f\000o\000r\000m\000a\000n\000c\000e}{subsection.4.4.1}% 231
\BOOKMARK [3][-]{subsubsection.4.4.1.2}{\376\377\000A\000n\000a\000l\000y\000s\000e\000\040\000d\000e\000s\000\040\000e\000r\000r\000e\000u\000r\000s}{subsection.4.4.1}% 232
\BOOKMARK [3][-]{subsubsection.4.4.1.3}{\376\377\000I\000n\000t\000e\000r\000p\000r\000\351\000t\000a\000b\000i\000l\000i\000t\000\351\000\040\000d\000u\000\040\000m\000o\000d\000\350\000l\000e\000\040\000a\000v\000e\000c\000\040\000S\000H\000A\000P}{subsection.4.4.1}% 233
\BOOKMARK [3][-]{subsubsection.4.4.1.4}{\376\377\000V\000a\000l\000i\000d\000a\000t\000i\000o\000n\000\040\000c\000r\000o\000i\000s\000\351\000e\000\040\000t\000e\000m\000p\000o\000r\000e\000l\000l\000e}{subsection.4.4.1}% 234
\BOOKMARK [3][-]{subsubsection.4.4.1.5}{\376\377\000C\000o\000u\000r\000b\000e\000s\000\040\000d\000'\000a\000p\000p\000r\000e\000n\000t\000i\000s\000s\000a\000g\000e}{subsection.4.4.1}% 235
\BOOKMARK [3][-]{subsubsection.4.4.1.6}{\376\377\000C\000o\000u\000r\000b\000e\000s\000\040\000d\000e\000\040\000v\000a\000l\000i\000d\000a\000t\000i\000o\000n}{subsection.4.4.1}% 236
\BOOKMARK [3][-]{subsubsection.4.4.1.7}{\376\377\000M\000a\000t\000r\000i\000c\000e\000\040\000d\000e\000\040\000c\000o\000m\000p\000a\000r\000a\000i\000s\000o\000n\000\040\000d\000e\000s\000\040\000m\000o\000d\000\350\000l\000e\000s}{subsection.4.4.1}% 237
\BOOKMARK [3][-]{subsubsection.4.4.1.8}{\376\377\000T\000e\000s\000t\000s\000\040\000d\000e\000\040\000s\000i\000g\000n\000i\000f\000i\000c\000a\000t\000i\000v\000i\000t\000\351\000\040\000s\000t\000a\000t\000i\000s\000t\000i\000q\000u\000e}{subsection.4.4.1}% 238
\BOOKMARK [2][-]{subsection.4.4.2}{\376\377\000\311\000v\000a\000l\000u\000a\000t\000i\000o\000n\000\040\000d\000u\000\040\000m\000o\000d\000\350\000l\000e\000\040\000d\000'\000o\000p\000t\000i\000m\000i\000s\000a\000t\000i\000o\000n}{section.4.4}% 239
\BOOKMARK [3][-]{subsubsection.4.4.2.1}{\376\377\000M\000\351\000t\000r\000i\000q\000u\000e\000s\000\040\000d\000'\000o\000p\000t\000i\000m\000i\000s\000a\000t\000i\000o\000n}{subsection.4.4.2}% 240
\BOOKMARK [3][-]{subsubsection.4.4.2.2}{\376\377\000A\000n\000a\000l\000y\000s\000e\000\040\000d\000e\000\040\000r\000o\000b\000u\000s\000t\000e\000s\000s\000e}{subsection.4.4.2}% 241
\BOOKMARK [1][-]{section.4.5}{\376\377\000I\000n\000t\000\351\000g\000r\000a\000t\000i\000o\000n\000\040\000e\000t\000\040\000d\000\351\000p\000l\000o\000i\000e\000m\000e\000n\000t}{chapter.4}% 242
\BOOKMARK [2][-]{subsection.4.5.1}{\376\377\000A\000r\000c\000h\000i\000t\000e\000c\000t\000u\000r\000e\000\040\000d\000u\000\040\000s\000y\000s\000t\000\350\000m\000e}{section.4.5}% 243
\BOOKMARK [2][-]{subsection.4.5.2}{\376\377\000P\000i\000p\000e\000l\000i\000n\000e\000\040\000d\000e\000\040\000p\000r\000o\000d\000u\000c\000t\000i\000o\000n}{section.4.5}% 244
\BOOKMARK [3][-]{subsubsection.4.5.2.1}{\376\377\000E\000n\000t\000r\000a\000\356\000n\000e\000m\000e\000n\000t\000\040\000a\000u\000t\000o\000m\000a\000t\000i\000q\000u\000e}{subsection.4.5.2}% 245
\BOOKMARK [3][-]{subsubsection.4.5.2.2}{\376\377\000S\000e\000r\000v\000i\000n\000g\000\040\000e\000n\000\040\000p\000r\000o\000d\000u\000c\000t\000i\000o\000n}{subsection.4.5.2}% 246
\BOOKMARK [2][-]{subsection.4.5.3}{\376\377\000G\000e\000s\000t\000i\000o\000n\000\040\000d\000e\000s\000\040\000m\000o\000d\000\350\000l\000e\000s}{section.4.5}% 247
\BOOKMARK [3][-]{subsubsection.4.5.3.1}{\376\377\000V\000e\000r\000s\000i\000o\000n\000i\000n\000g}{subsection.4.5.3}% 248
\BOOKMARK [3][-]{subsubsection.4.5.3.2}{\376\377\000M\000o\000n\000i\000t\000o\000r\000i\000n\000g}{subsection.4.5.3}% 249
\BOOKMARK [1][-]{section.4.6}{\376\377\000V\000a\000l\000i\000d\000a\000t\000i\000o\000n\000\040\000m\000\351\000t\000i\000e\000r}{chapter.4}% 250
\BOOKMARK [2][-]{subsection.4.6.1}{\376\377\000T\000e\000s\000t\000s\000\040\000a\000v\000e\000c\000\040\000l\000e\000s\000\040\000u\000t\000i\000l\000i\000s\000a\000t\000e\000u\000r\000s}{section.4.6}% 251
\BOOKMARK [3][-]{subsubsection.4.6.1.1}{\376\377\000P\000r\000o\000t\000o\000c\000o\000l\000e\000\040\000d\000e\000\040\000t\000e\000s\000t}{subsection.4.6.1}% 252
\BOOKMARK [3][-]{subsubsection.4.6.1.2}{\376\377\000M\000\351\000t\000r\000i\000q\000u\000e\000s\000\040\000d\000e\000\040\000s\000a\000t\000i\000s\000f\000a\000c\000t\000i\000o\000n}{subsection.4.6.1}% 253
\BOOKMARK [2][-]{subsection.4.6.2}{\376\377\000I\000m\000p\000a\000c\000t\000\040\000m\000\351\000t\000i\000e\000r\000\040\000m\000e\000s\000u\000r\000\351}{section.4.6}% 254
\BOOKMARK [3][-]{subsubsection.4.6.2.1}{\376\377\000K\000P\000I\000s\000\040\000o\000p\000\351\000r\000a\000t\000i\000o\000n\000n\000e\000l\000s}{subsection.4.6.2}% 255
\BOOKMARK [3][-]{subsubsection.4.6.2.2}{\376\377\000R\000O\000I\000\040\000d\000u\000\040\000p\000r\000o\000j\000e\000t}{subsection.4.6.2}% 256
\BOOKMARK [1][-]{section.4.7}{\376\377\000S\000y\000n\000t\000h\000\350\000s\000e\000\040\000e\000t\000\040\000p\000e\000r\000s\000p\000e\000c\000t\000i\000v\000e\000s}{chapter.4}% 257
\BOOKMARK [2][-]{subsection.4.7.1}{\376\377\000B\000i\000l\000a\000n\000\040\000d\000e\000\040\000l\000a\000\040\000m\000o\000d\000\351\000l\000i\000s\000a\000t\000i\000o\000n}{section.4.7}% 258
\BOOKMARK [2][-]{subsection.4.7.2}{\376\377\000L\000i\000m\000i\000t\000a\000t\000i\000o\000n\000s\000\040\000i\000d\000e\000n\000t\000i\000f\000i\000\351\000e\000s}{section.4.7}% 259
\BOOKMARK [2][-]{subsection.4.7.3}{\376\377\000A\000m\000\351\000l\000i\000o\000r\000a\000t\000i\000o\000n\000s\000\040\000f\000u\000t\000u\000r\000e\000s}{section.4.7}% 260
\BOOKMARK [0][-]{chapter.5}{\376\377\000A\000g\000i\000l\000e\000\040\0004\000-\000m\000o\000n\000t\000h\000\040\000d\000e\000l\000i\000v\000e\000r\000y\000\040\000p\000l\000a\000n}{}% 261
\BOOKMARK [1][-]{section.5.1}{\376\377\000I\000n\000t\000r\000o\000d\000u\000c\000t\000i\000o\000n}{chapter.5}% 262
\BOOKMARK [1][-]{section.5.2}{\376\377\000A\000r\000c\000h\000i\000t\000e\000c\000t\000u\000r\000e\000\040\000A\000g\000i\000l\000e\000\040\000d\000u\000\040\000P\000r\000o\000j\000e\000t}{chapter.5}% 263
\BOOKMARK [2][-]{subsection.5.2.1}{\376\377\000\311\000q\000u\000i\000p\000e\000\040\000d\000e\000\040\000D\000\351\000v\000e\000l\000o\000p\000p\000e\000m\000e\000n\000t}{section.5.2}% 264
\BOOKMARK [2][-]{subsection.5.2.2}{\376\377\000O\000u\000t\000i\000l\000s\000\040\000e\000t\000\040\000T\000e\000c\000h\000n\000o\000l\000o\000g\000i\000e\000s}{section.5.2}% 265
\BOOKMARK [1][-]{section.5.3}{\376\377\000R\000o\000a\000d\000m\000a\000p\000\040\000d\000e\000\040\000D\000\351\000v\000e\000l\000o\000p\000p\000e\000m\000e\000n\000t}{chapter.5}% 266
\BOOKMARK [2][-]{subsection.5.3.1}{\376\377\000P\000h\000a\000s\000e\000\040\0001\000\040\000:\000\040\000F\000o\000n\000d\000a\000t\000i\000o\000n\000s\000\040\000\050\000S\000p\000r\000i\000n\000t\000s\000\040\0001\000-\0004\000\051}{section.5.3}% 267
\BOOKMARK [2][-]{subsection.5.3.2}{\376\377\000P\000h\000a\000s\000e\000\040\0002\000\040\000:\000\040\000D\000\351\000v\000e\000l\000o\000p\000p\000e\000m\000e\000n\000t\000\040\000C\000o\000r\000e\000\040\000\050\000S\000p\000r\000i\000n\000t\000s\000\040\0005\000-\0008\000\051}{section.5.3}% 268
\BOOKMARK [2][-]{subsection.5.3.3}{\376\377\000P\000h\000a\000s\000e\000\040\0003\000\040\000:\000\040\000O\000p\000t\000i\000m\000i\000s\000a\000t\000i\000o\000n\000\040\000e\000t\000\040\000P\000r\000o\000d\000u\000c\000t\000i\000o\000n\000\040\000\050\000S\000p\000r\000i\000n\000t\000s\000\040\0009\000-\0001\0002\000\051}{section.5.3}% 269
\BOOKMARK [1][-]{section.5.4}{\376\377\000D\000\351\000t\000a\000i\000l\000\040\000d\000e\000s\000\040\000S\000p\000r\000i\000n\000t\000s}{chapter.5}% 270
\BOOKMARK [2][-]{subsection.5.4.1}{\376\377\000S\000p\000r\000i\000n\000t\000\040\0001\000\040\000:\000\040\000A\000n\000a\000l\000y\000s\000e\000\040\000e\000t\000\040\000A\000r\000c\000h\000i\000t\000e\000c\000t\000u\000r\000e}{section.5.4}% 271
\BOOKMARK [3][-]{subsubsection.5.4.1.1}{\376\377\000U\000s\000e\000r\000\040\000S\000t\000o\000r\000i\000e\000s}{subsection.5.4.1}% 272
\BOOKMARK [3][-]{subsubsection.5.4.1.2}{\376\377\000T\000\342\000c\000h\000e\000s\000\040\000T\000e\000c\000h\000n\000i\000q\000u\000e\000s}{subsection.5.4.1}% 273
\BOOKMARK [3][-]{subsubsection.5.4.1.3}{\376\377\000L\000i\000v\000r\000a\000b\000l\000e\000s}{subsection.5.4.1}% 274
\BOOKMARK [2][-]{subsection.5.4.2}{\376\377\000S\000p\000r\000i\000n\000t\000\040\0002\000\040\000:\000\040\000P\000i\000p\000e\000l\000i\000n\000e\000\040\000d\000e\000\040\000D\000o\000n\000n\000\351\000e\000s}{section.5.4}% 275
\BOOKMARK [3][-]{subsubsection.5.4.2.1}{\376\377\000U\000s\000e\000r\000\040\000S\000t\000o\000r\000i\000e\000s}{subsection.5.4.2}% 276
\BOOKMARK [3][-]{subsubsection.5.4.2.2}{\376\377\000T\000\342\000c\000h\000e\000s\000\040\000T\000e\000c\000h\000n\000i\000q\000u\000e\000s}{subsection.5.4.2}% 277
\BOOKMARK [3][-]{subsubsection.5.4.2.3}{\376\377\000L\000i\000v\000r\000a\000b\000l\000e\000s}{subsection.5.4.2}% 278
\BOOKMARK [2][-]{subsection.5.4.3}{\376\377\000S\000p\000r\000i\000n\000t\000\040\0003\000\040\000:\000\040\000M\000o\000d\000\350\000l\000e\000s\000\040\000d\000e\000\040\000M\000a\000c\000h\000i\000n\000e\000\040\000L\000e\000a\000r\000n\000i\000n\000g}{section.5.4}% 279
\BOOKMARK [3][-]{subsubsection.5.4.3.1}{\376\377\000U\000s\000e\000r\000\040\000S\000t\000o\000r\000i\000e\000s}{subsection.5.4.3}% 280
\BOOKMARK [3][-]{subsubsection.5.4.3.2}{\376\377\000T\000\342\000c\000h\000e\000s\000\040\000T\000e\000c\000h\000n\000i\000q\000u\000e\000s}{subsection.5.4.3}% 281
\BOOKMARK [3][-]{subsubsection.5.4.3.3}{\376\377\000L\000i\000v\000r\000a\000b\000l\000e\000s}{subsection.5.4.3}% 282
\BOOKMARK [2][-]{subsection.5.4.4}{\376\377\000S\000p\000r\000i\000n\000t\000\040\0004\000\040\000:\000\040\000P\000i\000p\000e\000l\000i\000n\000e\000\040\000M\000L\000O\000p\000s}{section.5.4}% 283
\BOOKMARK [3][-]{subsubsection.5.4.4.1}{\376\377\000U\000s\000e\000r\000\040\000S\000t\000o\000r\000i\000e\000s}{subsection.5.4.4}% 284
\BOOKMARK [3][-]{subsubsection.5.4.4.2}{\376\377\000T\000\342\000c\000h\000e\000s\000\040\000T\000e\000c\000h\000n\000i\000q\000u\000e\000s}{subsection.5.4.4}% 285
\BOOKMARK [3][-]{subsubsection.5.4.4.3}{\376\377\000L\000i\000v\000r\000a\000b\000l\000e\000s}{subsection.5.4.4}% 286
\BOOKMARK [1][-]{section.5.5}{\376\377\000M\000\351\000t\000r\000i\000q\000u\000e\000s\000\040\000e\000t\000\040\000K\000P\000I\000s\000\040\000d\000e\000\040\000S\000u\000c\000c\000\350\000s}{chapter.5}% 287
\BOOKMARK [2][-]{subsection.5.5.1}{\376\377\000M\000\351\000t\000r\000i\000q\000u\000e\000s\000\040\000T\000e\000c\000h\000n\000i\000q\000u\000e\000s}{section.5.5}% 288
\BOOKMARK [2][-]{subsection.5.5.2}{\376\377\000M\000\351\000t\000r\000i\000q\000u\000e\000s\000\040\000M\000\351\000t\000i\000e\000r}{section.5.5}% 289
\BOOKMARK [2][-]{subsection.5.5.3}{\376\377\000M\000\351\000t\000r\000i\000q\000u\000e\000s\000\040\000d\000e\000\040\000P\000r\000o\000j\000e\000t}{section.5.5}% 290
\BOOKMARK [1][-]{section.5.6}{\376\377\000G\000e\000s\000t\000i\000o\000n\000\040\000d\000e\000s\000\040\000R\000i\000s\000q\000u\000e\000s}{chapter.5}% 291
\BOOKMARK [2][-]{subsection.5.6.1}{\376\377\000F\000r\000a\000m\000e\000w\000o\000r\000k\000\040\000d\000e\000\040\000g\000e\000s\000t\000i\000o\000n\000\040\000d\000e\000s\000\040\000r\000i\000s\000q\000u\000e\000s}{section.5.6}% 292
\BOOKMARK [2][-]{subsection.5.6.2}{\376\377\000R\000e\000g\000i\000s\000t\000r\000e\000\040\000c\000o\000m\000p\000l\000e\000t\000\040\000d\000e\000s\000\040\000r\000i\000s\000q\000u\000e\000s}{section.5.6}% 293
\BOOKMARK [2][-]{subsection.5.6.3}{\376\377\000M\000a\000t\000r\000i\000c\000e\000\040\000d\000e\000\040\000c\000r\000i\000t\000i\000c\000i\000t\000\351}{section.5.6}% 294
\BOOKMARK [2][-]{subsection.5.6.4}{\376\377\000P\000l\000a\000n\000s\000\040\000d\000e\000\040\000r\000\351\000p\000o\000n\000s\000e\000\040\000d\000\351\000t\000a\000i\000l\000l\000\351\000s}{section.5.6}% 295
\BOOKMARK [3][-]{subsubsection.5.6.4.1}{\376\377\000R\000i\000s\000q\000u\000e\000\040\000c\000r\000i\000t\000i\000q\000u\000e\000\040\0001\000\040\000:\000\040\000P\000e\000r\000f\000o\000r\000m\000a\000n\000c\000e\000\040\000m\000o\000d\000\350\000l\000e\000s\000\040\000i\000n\000s\000u\000f\000f\000i\000s\000a\000n\000t\000e}{subsection.5.6.4}% 296
\BOOKMARK [3][-]{subsubsection.5.6.4.2}{\376\377\000R\000i\000s\000q\000u\000e\000\040\000c\000r\000i\000t\000i\000q\000u\000e\000\040\0002\000\040\000:\000\040\000I\000n\000t\000\351\000g\000r\000a\000t\000i\000o\000n\000\040\000a\000v\000e\000c\000\040\000G\000.\000P\000r\000o}{subsection.5.6.4}% 297
\BOOKMARK [3][-]{subsubsection.5.6.4.3}{\376\377\000R\000i\000s\000q\000u\000e\000\040\000c\000r\000i\000t\000i\000q\000u\000e\000\040\0003\000\040\000:\000\040\000A\000d\000o\000p\000t\000i\000o\000n\000\040\000u\000t\000i\000l\000i\000s\000a\000t\000e\000u\000r\000s\000\040\000f\000a\000i\000b\000l\000e}{subsection.5.6.4}% 298
\BOOKMARK [2][-]{subsection.5.6.5}{\376\377\000M\000o\000n\000i\000t\000o\000r\000i\000n\000g\000\040\000e\000t\000\040\000r\000e\000p\000o\000r\000t\000i\000n\000g}{section.5.6}% 299
\BOOKMARK [1][-]{section.5.7}{\376\377\000P\000l\000a\000n\000\040\000d\000e\000\040\000C\000o\000m\000m\000u\000n\000i\000c\000a\000t\000i\000o\000n}{chapter.5}% 300
\BOOKMARK [2][-]{subsection.5.7.1}{\376\377\000S\000t\000a\000k\000e\000h\000o\000l\000d\000e\000r\000s}{section.5.7}% 301
\BOOKMARK [2][-]{subsection.5.7.2}{\376\377\000C\000a\000d\000e\000n\000c\000e\000\040\000d\000e\000\040\000C\000o\000m\000m\000u\000n\000i\000c\000a\000t\000i\000o\000n}{section.5.7}% 302
\BOOKMARK [1][-]{section.5.8}{\376\377\000P\000l\000a\000n\000\040\000d\000e\000\040\000F\000o\000r\000m\000a\000t\000i\000o\000n\000\040\000e\000t\000\040\000A\000d\000o\000p\000t\000i\000o\000n}{chapter.5}% 303
\BOOKMARK [2][-]{subsection.5.8.1}{\376\377\000F\000o\000r\000m\000a\000t\000i\000o\000n\000\040\000d\000e\000s\000\040\000U\000t\000i\000l\000i\000s\000a\000t\000e\000u\000r\000s}{section.5.8}% 304
\BOOKMARK [2][-]{subsection.5.8.2}{\376\377\000S\000t\000r\000a\000t\000\351\000g\000i\000e\000\040\000d\000'\000A\000d\000o\000p\000t\000i\000o\000n}{section.5.8}% 305
\BOOKMARK [1][-]{section.5.9}{\376\377\000P\000l\000a\000n\000\040\000d\000e\000\040\000M\000a\000i\000n\000t\000e\000n\000a\000n\000c\000e\000\040\000e\000t\000\040\000\311\000v\000o\000l\000u\000t\000i\000o\000n}{chapter.5}% 306
\BOOKMARK [2][-]{subsection.5.9.1}{\376\377\000M\000a\000i\000n\000t\000e\000n\000a\000n\000c\000e\000\040\000P\000r\000\351\000v\000e\000n\000t\000i\000v\000e}{section.5.9}% 307
\BOOKMARK [2][-]{subsection.5.9.2}{\376\377\000\311\000v\000o\000l\000u\000t\000i\000o\000n\000\040\000d\000u\000\040\000S\000y\000s\000t\000\350\000m\000e}{section.5.9}% 308
\BOOKMARK [1][-]{section.5.10}{\376\377\000B\000u\000d\000g\000e\000t\000\040\000e\000t\000\040\000R\000e\000s\000s\000o\000u\000r\000c\000e\000s}{chapter.5}% 309
\BOOKMARK [2][-]{subsection.5.10.1}{\376\377\000B\000u\000d\000g\000e\000t\000\040\000E\000s\000t\000i\000m\000\351}{section.5.10}% 310
\BOOKMARK [2][-]{subsection.5.10.2}{\376\377\000R\000O\000I\000\040\000A\000t\000t\000e\000n\000d\000u}{section.5.10}% 311
\BOOKMARK [1][-]{section.5.11}{\376\377\000C\000o\000n\000c\000l\000u\000s\000i\000o\000n}{chapter.5}% 312
\BOOKMARK [0][-]{chapter.6}{\376\377\000S\000e\000r\000v\000i\000c\000e\000\040\000I\000A\000\040\000a\000n\000d\000\040\000d\000a\000s\000h\000b\000o\000a\000r\000d}{}% 313
\BOOKMARK [1][-]{section.6.1}{\376\377\000I\000n\000t\000r\000o\000d\000u\000c\000t\000i\000o\000n}{chapter.6}% 314
\BOOKMARK [1][-]{section.6.2}{\376\377\000A\000r\000c\000h\000i\000t\000e\000c\000t\000u\000r\000e\000\040\000d\000e\000s\000\040\000S\000e\000r\000v\000i\000c\000e\000s\000\040\000I\000A}{chapter.6}% 315
\BOOKMARK [2][-]{subsection.6.2.1}{\376\377\000V\000u\000e\000\040\000d\000'\000e\000n\000s\000e\000m\000b\000l\000e\000\040\000d\000e\000\040\000l\000'\000a\000r\000c\000h\000i\000t\000e\000c\000t\000u\000r\000e}{section.6.2}% 316
\BOOKMARK [2][-]{subsection.6.2.2}{\376\377\000C\000o\000m\000p\000o\000s\000a\000n\000t\000s\000\040\000p\000r\000i\000n\000c\000i\000p\000a\000u\000x}{section.6.2}% 317
\BOOKMARK [3][-]{subsubsection.6.2.2.1}{\376\377\000S\000e\000r\000v\000i\000c\000e\000\040\000d\000e\000\040\000P\000r\000\351\000d\000i\000c\000t\000i\000o\000n}{subsection.6.2.2}% 318
\BOOKMARK [3][-]{subsubsection.6.2.2.2}{\376\377\000S\000e\000r\000v\000i\000c\000e\000\040\000d\000'\000O\000r\000d\000o\000n\000n\000a\000n\000c\000e\000m\000e\000n\000t}{subsection.6.2.2}% 319
\BOOKMARK [3][-]{subsubsection.6.2.2.3}{\376\377\000S\000e\000r\000v\000i\000c\000e\000\040\000A\000n\000a\000l\000y\000t\000i\000c\000s}{subsection.6.2.2}% 320
\BOOKMARK [1][-]{section.6.3}{\376\377\000S\000p\000\351\000c\000i\000f\000i\000c\000a\000t\000i\000o\000n\000s\000\040\000d\000e\000s\000\040\000A\000P\000I\000s}{chapter.6}% 321
\BOOKMARK [2][-]{subsection.6.3.1}{\376\377\000A\000P\000I\000\040\000d\000e\000\040\000P\000r\000\351\000d\000i\000c\000t\000i\000o\000n}{section.6.3}% 322
\BOOKMARK [3][-]{subsubsection.6.3.1.1}{\376\377\000E\000n\000d\000p\000o\000i\000n\000t\000\040\000d\000e\000\040\000p\000r\000\351\000d\000i\000c\000t\000i\000o\000n\000\040\000s\000i\000m\000p\000l\000e}{subsection.6.3.1}% 323
\BOOKMARK [3][-]{subsubsection.6.3.1.2}{\376\377\000E\000n\000d\000p\000o\000i\000n\000t\000\040\000d\000e\000\040\000p\000r\000\351\000d\000i\000c\000t\000i\000o\000n\000\040\000e\000n\000\040\000l\000o\000t}{subsection.6.3.1}% 324
\BOOKMARK [2][-]{subsection.6.3.2}{\376\377\000A\000P\000I\000\040\000d\000'\000O\000r\000d\000o\000n\000n\000a\000n\000c\000e\000m\000e\000n\000t}{section.6.3}% 325
\BOOKMARK [3][-]{subsubsection.6.3.2.1}{\376\377\000E\000n\000d\000p\000o\000i\000n\000t\000\040\000d\000'\000o\000p\000t\000i\000m\000i\000s\000a\000t\000i\000o\000n\000\040\000d\000e\000\040\000p\000l\000a\000n\000i\000f\000i\000c\000a\000t\000i\000o\000n}{subsection.6.3.2}% 326
\BOOKMARK [2][-]{subsection.6.3.3}{\376\377\000A\000P\000I\000\040\000A\000n\000a\000l\000y\000t\000i\000c\000s}{section.6.3}% 327
\BOOKMARK [3][-]{subsubsection.6.3.3.1}{\376\377\000E\000n\000d\000p\000o\000i\000n\000t\000\040\000d\000e\000\040\000c\000a\000l\000c\000u\000l\000\040\000d\000e\000s\000\040\000K\000P\000I\000s}{subsection.6.3.3}% 328
\BOOKMARK [1][-]{section.6.4}{\376\377\000I\000n\000t\000e\000r\000f\000a\000c\000e\000\040\000U\000t\000i\000l\000i\000s\000a\000t\000e\000u\000r}{chapter.6}% 329
\BOOKMARK [2][-]{subsection.6.4.1}{\376\377\000A\000r\000c\000h\000i\000t\000e\000c\000t\000u\000r\000e\000\040\000d\000u\000\040\000D\000a\000s\000h\000b\000o\000a\000r\000d\000\040\000R\000e\000a\000c\000t}{section.6.4}% 330
\BOOKMARK [3][-]{subsubsection.6.4.1.1}{\376\377\000S\000t\000r\000u\000c\000t\000u\000r\000e\000\040\000d\000e\000s\000\040\000c\000o\000m\000p\000o\000s\000a\000n\000t\000s}{subsection.6.4.1}% 331
\BOOKMARK [3][-]{subsubsection.6.4.1.2}{\376\377\000G\000e\000s\000t\000i\000o\000n\000\040\000d\000'\000\351\000t\000a\000t}{subsection.6.4.1}% 332
\BOOKMARK [2][-]{subsection.6.4.2}{\376\377\000P\000a\000g\000e\000s\000\040\000p\000r\000i\000n\000c\000i\000p\000a\000l\000e\000s}{section.6.4}% 333
\BOOKMARK [3][-]{subsubsection.6.4.2.1}{\376\377\000D\000a\000s\000h\000b\000o\000a\000r\000d\000\040\000P\000r\000i\000n\000c\000i\000p\000a\000l}{subsection.6.4.2}% 334
\BOOKMARK [3][-]{subsubsection.6.4.2.2}{\376\377\000P\000a\000g\000e\000\040\000d\000e\000\040\000P\000l\000a\000n\000i\000f\000i\000c\000a\000t\000i\000o\000n}{subsection.6.4.2}% 335
\BOOKMARK [3][-]{subsubsection.6.4.2.3}{\376\377\000P\000a\000g\000e\000\040\000A\000n\000a\000l\000y\000t\000i\000c\000s}{subsection.6.4.2}% 336
\BOOKMARK [3][-]{subsubsection.6.4.2.4}{\376\377\000S\000i\000m\000u\000l\000a\000t\000e\000u\000r\000\040\000W\000h\000a\000t\000-\000I\000f}{subsection.6.4.2}% 337
\BOOKMARK [1][-]{section.6.5}{\376\377\000I\000n\000t\000\351\000g\000r\000a\000t\000i\000o\000n\000\040\000d\000e\000s\000\040\000M\000o\000d\000\350\000l\000e\000s\000\040\000M\000L}{chapter.6}% 338
\BOOKMARK [2][-]{subsection.6.5.1}{\376\377\000S\000e\000r\000v\000i\000c\000e\000\040\000d\000e\000\040\000P\000r\000\351\000d\000i\000c\000t\000i\000o\000n}{section.6.5}% 339
\BOOKMARK [3][-]{subsubsection.6.5.1.1}{\376\377\000C\000h\000a\000r\000g\000e\000m\000e\000n\000t\000\040\000d\000e\000s\000\040\000m\000o\000d\000\350\000l\000e\000s}{subsection.6.5.1}% 340
\BOOKMARK [3][-]{subsubsection.6.5.1.2}{\376\377\000P\000r\000\351\000p\000r\000o\000c\000e\000s\000s\000i\000n\000g\000\040\000d\000e\000s\000\040\000d\000o\000n\000n\000\351\000e\000s}{subsection.6.5.1}% 341
\BOOKMARK [2][-]{subsection.6.5.2}{\376\377\000S\000e\000r\000v\000i\000c\000e\000\040\000d\000'\000O\000r\000d\000o\000n\000n\000a\000n\000c\000e\000m\000e\000n\000t}{section.6.5}% 342
\BOOKMARK [3][-]{subsubsection.6.5.2.1}{\376\377\000M\000o\000d\000\351\000l\000i\000s\000a\000t\000i\000o\000n\000\040\000d\000e\000s\000\040\000c\000o\000n\000t\000r\000a\000i\000n\000t\000e\000s}{subsection.6.5.2}% 343
\BOOKMARK [1][-]{section.6.6}{\376\377\000S\000\351\000c\000u\000r\000i\000t\000\351\000\040\000e\000t\000\040\000A\000u\000t\000h\000e\000n\000t\000i\000f\000i\000c\000a\000t\000i\000o\000n}{chapter.6}% 344
\BOOKMARK [2][-]{subsection.6.6.1}{\376\377\000S\000y\000s\000t\000\350\000m\000e\000\040\000d\000'\000a\000u\000t\000h\000e\000n\000t\000i\000f\000i\000c\000a\000t\000i\000o\000n}{section.6.6}% 345
\BOOKMARK [3][-]{subsubsection.6.6.1.1}{\376\377\000G\000\351\000n\000\351\000r\000a\000t\000i\000o\000n\000\040\000d\000e\000s\000\040\000t\000o\000k\000e\000n\000s}{subsection.6.6.1}% 346
\BOOKMARK [3][-]{subsubsection.6.6.1.2}{\376\377\000V\000\351\000r\000i\000f\000i\000c\000a\000t\000i\000o\000n\000\040\000d\000e\000s\000\040\000t\000o\000k\000e\000n\000s}{subsection.6.6.1}% 347
\BOOKMARK [2][-]{subsection.6.6.2}{\376\377\000C\000o\000n\000t\000r\000\364\000l\000e\000\040\000d\000'\000a\000c\000c\000\350\000s\000\040\000b\000a\000s\000\351\000\040\000s\000u\000r\000\040\000l\000e\000s\000\040\000r\000\364\000l\000e\000s\000\040\000\050\000R\000B\000A\000C\000\051}{section.6.6}% 348
\BOOKMARK [1][-]{section.6.7}{\376\377\000M\000o\000n\000i\000t\000o\000r\000i\000n\000g\000\040\000e\000t\000\040\000O\000b\000s\000e\000r\000v\000a\000b\000i\000l\000i\000t\000\351}{chapter.6}% 349
\BOOKMARK [2][-]{subsection.6.7.1}{\376\377\000M\000\351\000t\000r\000i\000q\000u\000e\000s\000\040\000d\000e\000\040\000p\000e\000r\000f\000o\000r\000m\000a\000n\000c\000e}{section.6.7}% 350
\BOOKMARK [3][-]{subsubsection.6.7.1.1}{\376\377\000M\000\351\000t\000r\000i\000q\000u\000e\000s\000\040\000d\000e\000s\000\040\000m\000o\000d\000\350\000l\000e\000s}{subsection.6.7.1}% 351
\BOOKMARK [3][-]{subsubsection.6.7.1.2}{\376\377\000M\000\351\000t\000r\000i\000q\000u\000e\000s\000\040\000d\000e\000s\000\040\000s\000e\000r\000v\000i\000c\000e\000s}{subsection.6.7.1}% 352
\BOOKMARK [2][-]{subsection.6.7.2}{\376\377\000A\000l\000e\000r\000t\000e\000s\000\040\000e\000t\000\040\000n\000o\000t\000i\000f\000i\000c\000a\000t\000i\000o\000n\000s}{section.6.7}% 353
\BOOKMARK [1][-]{section.6.8}{\376\377\000D\000o\000c\000u\000m\000e\000n\000t\000a\000t\000i\000o\000n\000\040\000T\000e\000c\000h\000n\000i\000q\000u\000e}{chapter.6}% 354
\BOOKMARK [2][-]{subsection.6.8.1}{\376\377\000D\000o\000c\000u\000m\000e\000n\000t\000a\000t\000i\000o\000n\000\040\000A\000P\000I}{section.6.8}% 355
\BOOKMARK [2][-]{subsection.6.8.2}{\376\377\000G\000u\000i\000d\000e\000\040\000d\000e\000\040\000d\000\351\000p\000l\000o\000i\000e\000m\000e\000n\000t}{section.6.8}% 356
\BOOKMARK [3][-]{subsubsection.6.8.2.1}{\376\377\000C\000o\000n\000f\000i\000g\000u\000r\000a\000t\000i\000o\000n\000\040\000D\000o\000c\000k\000e\000r}{subsection.6.8.2}% 357
\BOOKMARK [3][-]{subsubsection.6.8.2.2}{\376\377\000D\000o\000c\000k\000e\000r\000\040\000C\000o\000m\000p\000o\000s\000e}{subsection.6.8.2}% 358
\BOOKMARK [2][-]{subsection.6.8.3}{\376\377\000T\000e\000s\000t\000s\000\040\000e\000t\000\040\000v\000a\000l\000i\000d\000a\000t\000i\000o\000n}{section.6.8}% 359
\BOOKMARK [3][-]{subsubsection.6.8.3.1}{\376\377\000T\000e\000s\000t\000s\000\040\000u\000n\000i\000t\000a\000i\000r\000e\000s}{subsection.6.8.3}% 360
\BOOKMARK [3][-]{subsubsection.6.8.3.2}{\376\377\000T\000e\000s\000t\000s\000\040\000d\000'\000i\000n\000t\000\351\000g\000r\000a\000t\000i\000o\000n}{subsection.6.8.3}% 361
\BOOKMARK [1][-]{section.6.9}{\376\377\000P\000e\000r\000f\000o\000r\000m\000a\000n\000c\000e\000\040\000e\000t\000\040\000O\000p\000t\000i\000m\000i\000s\000a\000t\000i\000o\000n}{chapter.6}% 362
\BOOKMARK [2][-]{subsection.6.9.1}{\376\377\000O\000p\000t\000i\000m\000i\000s\000a\000t\000i\000o\000n\000s\000\040\000d\000e\000s\000\040\000m\000o\000d\000\350\000l\000e\000s}{section.6.9}% 363
\BOOKMARK [3][-]{subsubsection.6.9.1.1}{\376\377\000C\000a\000c\000h\000e\000\040\000d\000e\000s\000\040\000p\000r\000\351\000d\000i\000c\000t\000i\000o\000n\000s}{subsection.6.9.1}% 364
\BOOKMARK [3][-]{subsubsection.6.9.1.2}{\376\377\000P\000r\000\351\000d\000i\000c\000t\000i\000o\000n\000\040\000e\000n\000\040\000l\000o\000t}{subsection.6.9.1}% 365
\BOOKMARK [2][-]{subsection.6.9.2}{\376\377\000O\000p\000t\000i\000m\000i\000s\000a\000t\000i\000o\000n\000s\000\040\000d\000e\000\040\000l\000'\000o\000r\000d\000o\000n\000n\000a\000n\000c\000e\000m\000e\000n\000t}{section.6.9}% 366
\BOOKMARK [3][-]{subsubsection.6.9.2.1}{\376\377\000P\000a\000r\000a\000l\000l\000\351\000l\000i\000s\000a\000t\000i\000o\000n}{subsection.6.9.2}% 367
\BOOKMARK [1][-]{section.6.10}{\376\377\000\311\000v\000o\000l\000u\000t\000i\000v\000i\000t\000\351\000\040\000e\000t\000\040\000M\000a\000i\000n\000t\000e\000n\000a\000n\000c\000e}{chapter.6}% 368
\BOOKMARK [2][-]{subsection.6.10.1}{\376\377\000A\000r\000c\000h\000i\000t\000e\000c\000t\000u\000r\000e\000\040\000\351\000v\000o\000l\000u\000t\000i\000v\000e}{section.6.10}% 369
\BOOKMARK [3][-]{subsubsection.6.10.1.1}{\376\377\000M\000i\000c\000r\000o\000s\000e\000r\000v\000i\000c\000e\000s}{subsection.6.10.1}% 370
\BOOKMARK [3][-]{subsubsection.6.10.1.2}{\376\377\000A\000P\000I\000\040\000G\000a\000t\000e\000w\000a\000y}{subsection.6.10.1}% 371
\BOOKMARK [2][-]{subsection.6.10.2}{\376\377\000M\000a\000i\000n\000t\000e\000n\000a\000n\000c\000e\000\040\000d\000e\000s\000\040\000m\000o\000d\000\350\000l\000e\000s}{section.6.10}% 372
\BOOKMARK [3][-]{subsubsection.6.10.2.1}{\376\377\000M\000o\000n\000i\000t\000o\000r\000i\000n\000g\000\040\000d\000e\000\040\000l\000a\000\040\000d\000\351\000r\000i\000v\000e}{subsection.6.10.2}% 373
\BOOKMARK [3][-]{subsubsection.6.10.2.2}{\376\377\000R\000\351\000e\000n\000t\000r\000a\000\356\000n\000e\000m\000e\000n\000t\000\040\000a\000u\000t\000o\000m\000a\000t\000i\000q\000u\000e}{subsection.6.10.2}% 374
\BOOKMARK [1][-]{section.6.11}{\376\377\000C\000o\000n\000c\000l\000u\000s\000i\000o\000n}{chapter.6}% 375
\BOOKMARK [0][-]{section.6.11}{\376\377\000C\000o\000n\000c\000l\000u\000s\000i\000o\000n\000\040\000g\000\351\000n\000\351\000r\000a\000l\000e}{}% 376
\BOOKMARK [0][-]{section.6.11}{\376\377\000W\000e\000b\000o\000g\000r\000a\000p\000h\000i\000e}{}% 377
